Running with gitlab-runner 14.10.1 (f761588f)
  on Ionic Package Android Runner 8edcfcad
Preparing the "kubernetes" executor
Using Kubernetes namespace: ionic-runners
Using Kubernetes executor with image 319312831725.dkr.ecr.us-west-2.amazonaws.com/appflow-runners/linux:2025.01 ...
Using attach strategy to execute scripts...
Preparing environment
Waiting for pod ionic-runners/runner-8edcfcad-project-0-concurrent-3b7mxl to be running, status is Pending
Running on runner-8edcfcad-project-0-concurrent-3b7mxl via gitlab-runner-57c5549486-866f4...

Getting source from Git repository
$ pre-clone
[14:37:34]: Cloning repository...
Fetching changes...
Initialized empty Git repository in /builds/jichangyoon/samu-capacitor-simplified/.git/
Created fresh repository.
Checking out da5853c2 as main...

Updating/initializing submodules...
$ setup-fastlane
[14:37:35]: Cloning complete...
Fetching latest build process code...
Cloning into '/builds/appflow-runners'...

Executing "step_script" stage of the job script
$ pre-build
[14:37:37]: Building project....
$ run "fetch-updates"
Checking for build process updates...
$ run "build-android"
[14:37:39]: ---------------------------------
[14:37:39]: --- Step: add_extra_platforms ---
[14:37:39]: ---------------------------------
[14:37:39]: Setting '[:web]' as extra SupportedPlatforms
/builds/jichangyoon/samu-capacitor-simplified/fastlane/outsystems/errors/detectors/pdm_plugins.rb:8: warning: character class has '-' without escape
/builds/jichangyoon/samu-capacitor-simplified/fastlane/outsystems/errors/detectors/pdm_plugins.rb:15: warning: character class has '-' without escape
[14:37:39]: ------------------------------
[14:37:39]: --- Step: default_platform ---
[14:37:39]: ------------------------------
[14:37:39]: Driving the lane 'android build_capacitor' ðŸš€
[14:37:39]: ---------------------------------
[14:37:39]: --- Step: prepare_environment ---
[14:37:39]: ---------------------------------
[14:37:39]: Setting default environment variables to tidy up logs. These can be overridden by setting them in Appflow.
[14:37:39]: 
[14:37:39]: Set COREPACK_ENABLE_AUTO_PIN=0 (Suppress yarn warnings)
[14:37:39]: -------------------------
[14:37:39]: --- Step: sentry_init ---
[14:37:39]: -------------------------
[14:37:39]: ----------------------------
[14:37:39]: --- Step: begin_building ---
[14:37:39]: ----------------------------
[14:37:39]: Began building @ 2025-07-13T14:37:39
[14:37:39]: ---------------------------
[14:37:39]: --- Step: build_summary ---
[14:37:39]: ---------------------------

+---------------------------------------------------+
|                   Build Summary                   |
+---------------------+-----------------------------+
| Runners Revision    | f9ed312                     |
| Job ID              | 10294525                    |
| Node.js version     | v20.18.2                    |
| Cordova CLI version | 12.0.0 (cordova-lib@12.0.2) |
| npm version         | 10.8.2                      |
| yarn version        | 1.22.22                     |
+---------------------+-----------------------------+

[14:37:40]: No build credential specified
[14:37:40]: ---------------------------
[14:37:40]: --- Step: set_ionic_cli ---
[14:37:40]: ---------------------------
[14:37:42]: Preinstalled @ionic/cli compatible with project `custom`
[14:37:42]: ------------------------------------
[14:37:42]: --- Step: detect_package_manager ---
[14:37:42]: ------------------------------------
[14:37:42]: Detecting package manager
[14:37:42]: Defaulting to npm
[14:37:42]: ---------------------------------
[14:37:42]: --- Step: add_git_credentials ---
[14:37:42]: ---------------------------------
[14:37:42]: Writing git-credentials files
[14:37:42]: git-credentials successfully added to project
[14:37:42]: --------------------------------
[14:37:42]: --- Step: get_appflow_config ---
[14:37:42]: --------------------------------
[14:37:42]: Checking for appflow.config.json
[14:37:42]: Appflow config not detected
[14:37:42]: --------------------------------
[14:37:42]: --- Step: dependency_install ---
[14:37:42]: --------------------------------
[14:37:42]: Installing Dependencies (in /builds/jichangyoon/samu-capacitor-simplified)
[14:37:42]: $ npm ci --quiet 
[14:37:52]: â–¸ npm warn deprecated @walletconnect/modal@2.7.0: Please follow the migration guide on https://docs.reown.com/appkit/upgrade/wcm
[14:37:52]: â–¸ npm warn deprecated @paulmillr/qr@0.2.1: The package is now available as "qr": npm install qr
[14:37:52]: â–¸ npm warn deprecated @esbuild-kit/esm-loader@2.6.5: Merged into tsx: https://tsx.is
[14:37:53]: â–¸ npm warn deprecated @esbuild-kit/core-utils@3.3.2: Merged into tsx: https://tsx.is
[14:37:54]: â–¸ npm warn deprecated @motionone/vue@10.16.4: Motion One for Vue is deprecated. Use Oku Motion instead https://oku-ui.com/motion
[14:39:00]: â–¸ added 1192 packages, and audited 1193 packages in 1m
[14:39:00]: â–¸ 170 packages are looking for funding
[14:39:00]: â–¸ run `npm fund` for details
[14:39:00]: â–¸ 12 vulnerabilities (1 low, 7 moderate, 4 high)
[14:39:00]: â–¸ To address issues that do not require attention, run:
[14:39:00]: â–¸ npm audit fix
[14:39:00]: â–¸ To address all issues (including breaking changes), run:
[14:39:00]: â–¸ npm audit fix --force
[14:39:00]: â–¸ Run `npm audit` for details.
[14:39:00]: -------------------------------------
[14:39:00]: --- Step: create_capacitor_config ---
[14:39:00]: -------------------------------------
[14:39:01]: Created capacitor.config.json from capacitor.config.ts/js
[14:39:01]: -------------------------
[14:39:01]: --- Step: get_web_dir ---
[14:39:01]: -------------------------
[14:39:01]: webDir is `dist/public`
[14:39:01]: -----------------------------------
[14:39:01]: --- Step: modify_cap_web_config ---
[14:39:01]: -----------------------------------
[14:39:01]: No custom native config detected.
[14:39:01]: ---------------------------
[14:39:01]: --- Step: set_java_home ---
[14:39:01]: ---------------------------
[14:39:01]: Try to detect the android gradle plugin version
[14:39:02]: Project Android Gradle Plug-in version is 8.1.4: set Java to 17
[14:39:02]: ---------------------------
[14:39:02]: --- Step: build_pro_app ---
[14:39:02]: ---------------------------
[14:39:02]: Building app from /builds/jichangyoon/samu-capacitor-simplified
[14:39:02]: Build script detected...
[14:39:02]: $ npm run build
[14:39:02]: â–¸ > rest-express@1.0.0 build
[14:39:02]: â–¸ > vite build && esbuild server/index.ts --platform=node --packages=external --bundle --format=esm --outdir=dist
[14:39:02]: â–¸ vite v5.4.14 building for production...
[14:39:03]: â–¸ transforming...
[14:39:03]: â–¸ Browserslist: browsers data (caniuse-lite) is 9 months old. Please run:
[14:39:03]: â–¸ npx update-browserslist-db@latest
[14:39:03]: â–¸ Why you should do it regularly: https://github.com/browserslist/update-db#readme
[14:39:05]: â–¸ node_modules/@privy-io/react-auth/dist/esm/privy-provider-B2wDQG1e.mjs (1:29374): A comment
[14:39:05]: â–¸ "/*#__PURE__*/"
[14:39:05]: â–¸ in "node_modules/@privy-io/react-auth/dist/esm/privy-provider-B2wDQG1e.mjs" contains an annotation that Rollup cannot interpret due to the position of the comment. The comment will be removed to avoid issues.
[14:39:05]: â–¸ node_modules/@privy-io/react-auth/dist/esm/privy-provider-B2wDQG1e.mjs (1:33970): A comment
[14:39:05]: â–¸ "/*#__PURE__*/"
[14:39:05]: â–¸ in "node_modules/@privy-io/react-auth/dist/esm/privy-provider-B2wDQG1e.mjs" contains an annotation that Rollup cannot interpret due to the position of the comment. The comment will be removed to avoid issues.
[14:39:05]: â–¸ node_modules/@privy-io/react-auth/dist/esm/privy-provider-B2wDQG1e.mjs (1:34814): A comment
[14:39:05]: â–¸ "/*#__PURE__*/"
[14:39:05]: â–¸ in "node_modules/@privy-io/react-auth/dist/esm/privy-provider-B2wDQG1e.mjs" contains an annotation that Rollup cannot interpret due to the position of the comment. The comment will be removed to avoid issues.
[14:39:05]: â–¸ node_modules/@privy-io/react-auth/dist/esm/privy-provider-B2wDQG1e.mjs (1:35799): A comment
[14:39:05]: â–¸ "/*#__PURE__*/"
[14:39:05]: â–¸ in "node_modules/@privy-io/react-auth/dist/esm/privy-provider-B2wDQG1e.mjs" contains an annotation that Rollup cannot interpret due to the position of the comment. The comment will be removed to avoid issues.
[14:39:05]: â–¸ node_modules/@privy-io/react-auth/dist/esm/privy-provider-B2wDQG1e.mjs (1:53940): A comment
[14:39:05]: â–¸ "/*#__PURE__*/"
[14:39:05]: â–¸ in "node_modules/@privy-io/react-auth/dist/esm/privy-provider-B2wDQG1e.mjs" contains an annotation that Rollup cannot interpret due to the position of the comment. The comment will be removed to avoid issues.
[14:39:05]: â–¸ node_modules/@privy-io/react-auth/dist/esm/privy-provider-B2wDQG1e.mjs (1:90726): A comment
[14:39:05]: â–¸ "/*#__PURE__*/"
[14:39:05]: â–¸ in "node_modules/@privy-io/react-auth/dist/esm/privy-provider-B2wDQG1e.mjs" contains an annotation that Rollup cannot interpret due to the position of the comment. The comment will be removed to avoid issues.
[14:39:05]: â–¸ node_modules/@privy-io/react-auth/dist/esm/privy-provider-B2wDQG1e.mjs (1:105127): A comment
[14:39:05]: â–¸ "/*#__PURE__*/"
[14:39:05]: â–¸ in "node_modules/@privy-io/react-auth/dist/esm/privy-provider-B2wDQG1e.mjs" contains an annotation that Rollup cannot interpret due to the position of the comment. The comment will be removed to avoid issues.
[14:39:05]: â–¸ node_modules/@privy-io/react-auth/dist/esm/privy-provider-B2wDQG1e.mjs (1:105423): A comment
[14:39:05]: â–¸ "/*#__PURE__*/"
[14:39:05]: â–¸ in "node_modules/@privy-io/react-auth/dist/esm/privy-provider-B2wDQG1e.mjs" contains an annotation that Rollup cannot interpret due to the position of the comment. The comment will be removed to avoid issues.
[14:39:05]: â–¸ node_modules/@privy-io/react-auth/dist/esm/privy-provider-B2wDQG1e.mjs (1:141558): A comment
[14:39:05]: â–¸ "/*#__PURE__*/"
[14:39:05]: â–¸ in "node_modules/@privy-io/react-auth/dist/esm/privy-provider-B2wDQG1e.mjs" contains an annotation that Rollup cannot interpret due to the position of the comment. The comment will be removed to avoid issues.
[14:39:05]: â–¸ node_modules/@privy-io/react-auth/dist/esm/privy-provider-B2wDQG1e.mjs (2:794): A comment
[14:39:05]: â–¸ "/*#__PURE__*/"
[14:39:05]: â–¸ in "node_modules/@privy-io/react-auth/dist/esm/privy-provider-B2wDQG1e.mjs" contains an annotation that Rollup cannot interpret due to the position of the comment. The comment will be removed to avoid issues.
[14:39:05]: â–¸ node_modules/@privy-io/react-auth/dist/esm/privy-provider-B2wDQG1e.mjs (4:287): A comment
[14:39:05]: â–¸ "/*#__PURE__*/"
[14:39:05]: â–¸ in "node_modules/@privy-io/react-auth/dist/esm/privy-provider-B2wDQG1e.mjs" contains an annotation that Rollup cannot interpret due to the position of the comment. The comment will be removed to avoid issues.
[14:39:05]: â–¸ node_modules/@privy-io/react-auth/dist/esm/privy-provider-B2wDQG1e.mjs (4:1401): A comment
[14:39:05]: â–¸ "/*#__PURE__*/"
[14:39:05]: â–¸ in "node_modules/@privy-io/react-auth/dist/esm/privy-provider-B2wDQG1e.mjs" contains an annotation that Rollup cannot interpret due to the position of the comment. The comment will be removed to avoid issues.
[14:39:05]: â–¸ node_modules/@privy-io/react-auth/dist/esm/privy-provider-B2wDQG1e.mjs (4:4071): A comment
[14:39:05]: â–¸ "/*#__PURE__*/"
[14:39:05]: â–¸ in "node_modules/@privy-io/react-auth/dist/esm/privy-provider-B2wDQG1e.mjs" contains an annotation that Rollup cannot interpret due to the position of the comment. The comment will be removed to avoid issues.
[14:39:05]: â–¸ node_modules/@privy-io/react-auth/dist/esm/privy-provider-B2wDQG1e.mjs (4:17991): A comment
[14:39:05]: â–¸ "/*#__PURE__*/"
[14:39:05]: â–¸ in "node_modules/@privy-io/react-auth/dist/esm/privy-provider-B2wDQG1e.mjs" contains an annotation that Rollup cannot interpret due to the position of the comment. The comment will be removed to avoid issues.
[14:39:05]: â–¸ node_modules/@privy-io/react-auth/dist/esm/privy-provider-B2wDQG1e.mjs (4:18127): A comment
[14:39:05]: â–¸ "/*#__PURE__*/"
[14:39:05]: â–¸ in "node_modules/@privy-io/react-auth/dist/esm/privy-provider-B2wDQG1e.mjs" contains an annotation that Rollup cannot interpret due to the position of the comment. The comment will be removed to avoid issues.
[14:39:05]: â–¸ node_modules/@privy-io/react-auth/dist/esm/privy-provider-B2wDQG1e.mjs (5:269): A comment
[14:39:05]: â–¸ "/*#__PURE__*/"
[14:39:05]: â–¸ in "node_modules/@privy-io/react-auth/dist/esm/privy-provider-B2wDQG1e.mjs" contains an annotation that Rollup cannot interpret due to the position of the comment. The comment will be removed to avoid issues.
[14:39:05]: â–¸ node_modules/@privy-io/react-auth/dist/esm/privy-provider-B2wDQG1e.mjs (6:3510): A comment
[14:39:05]: â–¸ "/*#__PURE__*/"
[14:39:05]: â–¸ in "node_modules/@privy-io/react-auth/dist/esm/privy-provider-B2wDQG1e.mjs" contains an annotation that Rollup cannot interpret due to the position of the comment. The comment will be removed to avoid issues.
[14:39:05]: â–¸ node_modules/@privy-io/react-auth/dist/esm/privy-provider-B2wDQG1e.mjs (6:4496): A comment
[14:39:05]: â–¸ "/*#__PURE__*/"
[14:39:05]: â–¸ in "node_modules/@privy-io/react-auth/dist/esm/privy-provider-B2wDQG1e.mjs" contains an annotation that Rollup cannot interpret due to the position of the comment. The comment will be removed to avoid issues.
[14:39:05]: â–¸ node_modules/@privy-io/react-auth/dist/esm/privy-provider-B2wDQG1e.mjs (6:4705): A comment
[14:39:05]: â–¸ "/*#__PURE__*/"
[14:39:05]: â–¸ in "node_modules/@privy-io/react-auth/dist/esm/privy-provider-B2wDQG1e.mjs" contains an annotation that Rollup cannot interpret due to the position of the comment. The comment will be removed to avoid issues.
[14:39:05]: â–¸ node_modules/@privy-io/react-auth/dist/esm/privy-provider-B2wDQG1e.mjs (6:4946): A comment
[14:39:05]: â–¸ "/*#__PURE__*/"
[14:39:05]: â–¸ in "node_modules/@privy-io/react-auth/dist/esm/privy-provider-B2wDQG1e.mjs" contains an annotation that Rollup cannot interpret due to the position of the comment. The comment will be removed to avoid issues.
[14:39:05]: â–¸ node_modules/@privy-io/react-auth/dist/esm/privy-provider-B2wDQG1e.mjs (7:325): A comment
[14:39:05]: â–¸ "/*#__PURE__*/"
[14:39:05]: â–¸ in "node_modules/@privy-io/react-auth/dist/esm/privy-provider-B2wDQG1e.mjs" contains an annotation that Rollup cannot interpret due to the position of the comment. The comment will be removed to avoid issues.
[14:39:05]: â–¸ node_modules/@privy-io/react-auth/dist/esm/privy-provider-B2wDQG1e.mjs (7:482): A comment
[14:39:05]: â–¸ "/*#__PURE__*/"
[14:39:05]: â–¸ in "node_modules/@privy-io/react-auth/dist/esm/privy-provider-B2wDQG1e.mjs" contains an annotation that Rollup cannot interpret due to the position of the comment. The comment will be removed to avoid issues.
[14:39:05]: â–¸ node_modules/@privy-io/react-auth/dist/esm/privy-provider-B2wDQG1e.mjs (7:2623): A comment
[14:39:05]: â–¸ "/*#__PURE__*/"
[14:39:05]: â–¸ in "node_modules/@privy-io/react-auth/dist/esm/privy-provider-B2wDQG1e.mjs" contains an annotation that Rollup cannot interpret due to the position of the comment. The comment will be removed to avoid issues.
[14:39:05]: â–¸ node_modules/@privy-io/react-auth/dist/esm/privy-provider-B2wDQG1e.mjs (8:11609): A comment
[14:39:05]: â–¸ "/*#__PURE__*/"
[14:39:05]: â–¸ in "node_modules/@privy-io/react-auth/dist/esm/privy-provider-B2wDQG1e.mjs" contains an annotation that Rollup cannot interpret due to the position of the comment. The comment will be removed to avoid issues.
[14:39:05]: â–¸ node_modules/@privy-io/react-auth/dist/esm/privy-provider-B2wDQG1e.mjs (8:15072): A comment
[14:39:05]: â–¸ "/*#__PURE__*/"
[14:39:05]: â–¸ in "node_modules/@privy-io/react-auth/dist/esm/privy-provider-B2wDQG1e.mjs" contains an annotation that Rollup cannot interpret due to the position of the comment. The comment will be removed to avoid issues.
[14:39:05]: â–¸ node_modules/@privy-io/react-auth/dist/esm/privy-provider-B2wDQG1e.mjs (8:15751): A comment
[14:39:05]: â–¸ "/*#__PURE__*/"
[14:39:05]: â–¸ in "node_modules/@privy-io/react-auth/dist/esm/privy-provider-B2wDQG1e.mjs" contains an annotation that Rollup cannot interpret due to the position of the comment. The comment will be removed to avoid issues.
[14:39:05]: â–¸ node_modules/@privy-io/react-auth/dist/esm/privy-provider-B2wDQG1e.mjs (8:24503): A comment
[14:39:05]: â–¸ "/*#__PURE__*/"
[14:39:05]: â–¸ in "node_modules/@privy-io/react-auth/dist/esm/privy-provider-B2wDQG1e.mjs" contains an annotation that Rollup cannot interpret due to the position of the comment. The comment will be removed to avoid issues.
[14:39:05]: â–¸ node_modules/@privy-io/react-auth/dist/esm/privy-provider-B2wDQG1e.mjs (10:13354): A comment
[14:39:05]: â–¸ "/*#__PURE__*/"
[14:39:05]: â–¸ in "node_modules/@privy-io/react-auth/dist/esm/privy-provider-B2wDQG1e.mjs" contains an annotation that Rollup cannot interpret due to the position of the comment. The comment will be removed to avoid issues.
[14:39:05]: â–¸ node_modules/@privy-io/react-auth/dist/esm/privy-provider-B2wDQG1e.mjs (10:16427): A comment
[14:39:05]: â–¸ "/*#__PURE__*/"
[14:39:05]: â–¸ in "node_modules/@privy-io/react-auth/dist/esm/privy-provider-B2wDQG1e.mjs" contains an annotation that Rollup cannot interpret due to the position of the comment. The comment will be removed to avoid issues.
[14:39:05]: â–¸ node_modules/@privy-io/react-auth/dist/esm/privy-provider-B2wDQG1e.mjs (10:16605): A comment
[14:39:05]: â–¸ "/*#__PURE__*/"
[14:39:05]: â–¸ in "node_modules/@privy-io/react-auth/dist/esm/privy-provider-B2wDQG1e.mjs" contains an annotation that Rollup cannot interpret due to the position of the comment. The comment will be removed to avoid issues.
[14:39:05]: â–¸ node_modules/@privy-io/react-auth/dist/esm/privy-provider-B2wDQG1e.mjs (10:16784): A comment
[14:39:05]: â–¸ "/*#__PURE__*/"
[14:39:05]: â–¸ in "node_modules/@privy-io/react-auth/dist/esm/privy-provider-B2wDQG1e.mjs" contains an annotation that Rollup cannot interpret due to the position of the comment. The comment will be removed to avoid issues.
[14:39:05]: â–¸ node_modules/@privy-io/react-auth/dist/esm/privy-provider-B2wDQG1e.mjs (11:1644): A comment
[14:39:05]: â–¸ "/*#__PURE__*/"
[14:39:05]: â–¸ in "node_modules/@privy-io/react-auth/dist/esm/privy-provider-B2wDQG1e.mjs" contains an annotation that Rollup cannot interpret due to the position of the comment. The comment will be removed to avoid issues.
[14:39:05]: â–¸ node_modules/@privy-io/react-auth/dist/esm/privy-provider-B2wDQG1e.mjs (11:3988): A comment
[14:39:05]: â–¸ "/*#__PURE__*/"
[14:39:05]: â–¸ in "node_modules/@privy-io/react-auth/dist/esm/privy-provider-B2wDQG1e.mjs" contains an annotation that Rollup cannot interpret due to the position of the comment. The comment will be removed to avoid issues.
[14:39:05]: â–¸ node_modules/@privy-io/react-auth/dist/esm/privy-provider-B2wDQG1e.mjs (11:6422): A comment
[14:39:05]: â–¸ "/*#__PURE__*/"
[14:39:05]: â–¸ in "node_modules/@privy-io/react-auth/dist/esm/privy-provider-B2wDQG1e.mjs" contains an annotation that Rollup cannot interpret due to the position of the comment. The comment will be removed to avoid issues.
[14:39:05]: â–¸ node_modules/@privy-io/react-auth/dist/esm/privy-provider-B2wDQG1e.mjs (12:1291): A comment
[14:39:05]: â–¸ "/*#__PURE__*/"
[14:39:05]: â–¸ in "node_modules/@privy-io/react-auth/dist/esm/privy-provider-B2wDQG1e.mjs" contains an annotation that Rollup cannot interpret due to the position of the comment. The comment will be removed to avoid issues.
[14:39:05]: â–¸ node_modules/@privy-io/react-auth/dist/esm/privy-provider-B2wDQG1e.mjs (12:3759): A comment
[14:39:05]: â–¸ "/*#__PURE__*/"
[14:39:05]: â–¸ in "node_modules/@privy-io/react-auth/dist/esm/privy-provider-B2wDQG1e.mjs" contains an annotation that Rollup cannot interpret due to the position of the comment. The comment will be removed to avoid issues.
[14:39:05]: â–¸ node_modules/@privy-io/react-auth/dist/esm/privy-provider-B2wDQG1e.mjs (12:6539): A comment
[14:39:05]: â–¸ "/*#__PURE__*/"
[14:39:05]: â–¸ in "node_modules/@privy-io/react-auth/dist/esm/privy-provider-B2wDQG1e.mjs" contains an annotation that Rollup cannot interpret due to the position of the comment. The comment will be removed to avoid issues.
[14:39:05]: â–¸ node_modules/@privy-io/react-auth/dist/esm/privy-provider-B2wDQG1e.mjs (12:9505): A comment
[14:39:05]: â–¸ "/*#__PURE__*/"
[14:39:05]: â–¸ in "node_modules/@privy-io/react-auth/dist/esm/privy-provider-B2wDQG1e.mjs" contains an annotation that Rollup cannot interpret due to the position of the comment. The comment will be removed to avoid issues.
[14:39:05]: â–¸ node_modules/@privy-io/react-auth/dist/esm/privy-provider-B2wDQG1e.mjs (12:12904): A comment
[14:39:05]: â–¸ "/*#__PURE__*/"
[14:39:05]: â–¸ in "node_modules/@privy-io/react-auth/dist/esm/privy-provider-B2wDQG1e.mjs" contains an annotation that Rollup cannot interpret due to the position of the comment. The comment will be removed to avoid issues.
[14:39:05]: â–¸ node_modules/@privy-io/react-auth/dist/esm/privy-provider-B2wDQG1e.mjs (12:15609): A comment
[14:39:05]: â–¸ "/*#__PURE__*/"
[14:39:05]: â–¸ in "node_modules/@privy-io/react-auth/dist/esm/privy-provider-B2wDQG1e.mjs" contains an annotation that Rollup cannot interpret due to the position of the comment. The comment will be removed to avoid issues.
[14:39:05]: â–¸ node_modules/@privy-io/react-auth/dist/esm/privy-provider-B2wDQG1e.mjs (12:20775): A comment
[14:39:05]: â–¸ "/*#__PURE__*/"
[14:39:05]: â–¸ in "node_modules/@privy-io/react-auth/dist/esm/privy-provider-B2wDQG1e.mjs" contains an annotation that Rollup cannot interpret due to the position of the comment. The comment will be removed to avoid issues.
[14:39:05]: â–¸ node_modules/@privy-io/react-auth/dist/esm/privy-provider-B2wDQG1e.mjs (12:25385): A comment
[14:39:05]: â–¸ "/*#__PURE__*/"
[14:39:05]: â–¸ in "node_modules/@privy-io/react-auth/dist/esm/privy-provider-B2wDQG1e.mjs" contains an annotation that Rollup cannot interpret due to the position of the comment. The comment will be removed to avoid issues.
[14:39:05]: â–¸ node_modules/@privy-io/react-auth/dist/esm/privy-provider-B2wDQG1e.mjs (14:1968): A comment
[14:39:05]: â–¸ "/*#__PURE__*/"
[14:39:05]: â–¸ in "node_modules/@privy-io/react-auth/dist/esm/privy-provider-B2wDQG1e.mjs" contains an annotation that Rollup cannot interpret due to the position of the comment. The comment will be removed to avoid issues.
[14:39:05]: â–¸ node_modules/@privy-io/react-auth/dist/esm/privy-provider-B2wDQG1e.mjs (14:4573): A comment
[14:39:05]: â–¸ "/*#__PURE__*/"
[14:39:05]: â–¸ in "node_modules/@privy-io/react-auth/dist/esm/privy-provider-B2wDQG1e.mjs" contains an annotation that Rollup cannot interpret due to the position of the comment. The comment will be removed to avoid issues.
[14:39:05]: â–¸ node_modules/@privy-io/react-auth/dist/esm/privy-provider-B2wDQG1e.mjs (14:5649): A comment
[14:39:05]: â–¸ "/*#__PURE__*/"
[14:39:05]: â–¸ in "node_modules/@privy-io/react-auth/dist/esm/privy-provider-B2wDQG1e.mjs" contains an annotation that Rollup cannot interpret due to the position of the comment. The comment will be removed to avoid issues.
[14:39:05]: â–¸ node_modules/@privy-io/react-auth/dist/esm/privy-provider-B2wDQG1e.mjs (15:692): A comment
[14:39:05]: â–¸ "/*#__PURE__*/"
[14:39:05]: â–¸ in "node_modules/@privy-io/react-auth/dist/esm/privy-provider-B2wDQG1e.mjs" contains an annotation that Rollup cannot interpret due to the position of the comment. The comment will be removed to avoid issues.
[14:39:05]: â–¸ node_modules/@privy-io/react-auth/dist/esm/privy-provider-B2wDQG1e.mjs (15:831): A comment
[14:39:05]: â–¸ "/*#__PURE__*/"
[14:39:05]: â–¸ in "node_modules/@privy-io/react-auth/dist/esm/privy-provider-B2wDQG1e.mjs" contains an annotation that Rollup cannot interpret due to the position of the comment. The comment will be removed to avoid issues.
[14:39:05]: â–¸ node_modules/@privy-io/react-auth/dist/esm/privy-provider-B2wDQG1e.mjs (15:1390): A comment
[14:39:05]: â–¸ "/*#__PURE__*/"
[14:39:05]: â–¸ in "node_modules/@privy-io/react-auth/dist/esm/privy-provider-B2wDQG1e.mjs" contains an annotation that Rollup cannot interpret due to the position of the comment. The comment will be removed to avoid issues.
[14:39:05]: â–¸ node_modules/@privy-io/react-auth/dist/esm/privy-provider-B2wDQG1e.mjs (15:2341): A comment
[14:39:05]: â–¸ "/*#__PURE__*/"
[14:39:05]: â–¸ in "node_modules/@privy-io/react-auth/dist/esm/privy-provider-B2wDQG1e.mjs" contains an annotation that Rollup cannot interpret due to the position of the comment. The comment will be removed to avoid issues.
[14:39:05]: â–¸ node_modules/@privy-io/react-auth/dist/esm/privy-provider-B2wDQG1e.mjs (15:2807): A comment
[14:39:05]: â–¸ "/*#__PURE__*/"
[14:39:05]: â–¸ in "node_modules/@privy-io/react-auth/dist/esm/privy-provider-B2wDQG1e.mjs" contains an annotation that Rollup cannot interpret due to the position of the comment. The comment will be removed to avoid issues.
[14:39:05]: â–¸ node_modules/@privy-io/react-auth/dist/esm/privy-provider-B2wDQG1e.mjs (16:1027): A comment
[14:39:05]: â–¸ "/*#__PURE__*/"
[14:39:05]: â–¸ in "node_modules/@privy-io/react-auth/dist/esm/privy-provider-B2wDQG1e.mjs" contains an annotation that Rollup cannot interpret due to the position of the comment. The comment will be removed to avoid issues.
[14:39:05]: â–¸ node_modules/@privy-io/react-auth/dist/esm/privy-provider-B2wDQG1e.mjs (17:2251): A comment
[14:39:05]: â–¸ "/*#__PURE__*/"
[14:39:05]: â–¸ in "node_modules/@privy-io/react-auth/dist/esm/privy-provider-B2wDQG1e.mjs" contains an annotation that Rollup cannot interpret due to the position of the comment. The comment will be removed to avoid issues.
[14:39:05]: â–¸ node_modules/@privy-io/react-auth/dist/esm/privy-provider-B2wDQG1e.mjs (17:16223): A comment
[14:39:05]: â–¸ "/*#__PURE__*/"
[14:39:05]: â–¸ in "node_modules/@privy-io/react-auth/dist/esm/privy-provider-B2wDQG1e.mjs" contains an annotation that Rollup cannot interpret due to the position of the comment. The comment will be removed to avoid issues.
[14:39:05]: â–¸ node_modules/@privy-io/react-auth/dist/esm/privy-provider-B2wDQG1e.mjs (17:16310): A comment
[14:39:05]: â–¸ "/*#__PURE__*/"
[14:39:05]: â–¸ in "node_modules/@privy-io/react-auth/dist/esm/privy-provider-B2wDQG1e.mjs" contains an annotation that Rollup cannot interpret due to the position of the comment. The comment will be removed to avoid issues.
[14:39:05]: â–¸ node_modules/@privy-io/react-auth/dist/esm/privy-provider-B2wDQG1e.mjs (17:16792): A comment
[14:39:05]: â–¸ "/*#__PURE__*/"
[14:39:05]: â–¸ in "node_modules/@privy-io/react-auth/dist/esm/privy-provider-B2wDQG1e.mjs" contains an annotation that Rollup cannot interpret due to the position of the comment. The comment will be removed to avoid issues.
[14:39:05]: â–¸ node_modules/@privy-io/react-auth/dist/esm/privy-provider-B2wDQG1e.mjs (17:23395): A comment
[14:39:05]: â–¸ "/*#__PURE__*/"
[14:39:05]: â–¸ in "node_modules/@privy-io/react-auth/dist/esm/privy-provider-B2wDQG1e.mjs" contains an annotation that Rollup cannot interpret due to the position of the comment. The comment will be removed to avoid issues.
[14:39:05]: â–¸ node_modules/@privy-io/react-auth/dist/esm/privy-provider-B2wDQG1e.mjs (17:24934): A comment
[14:39:05]: â–¸ "/*#__PURE__*/"
[14:39:05]: â–¸ in "node_modules/@privy-io/react-auth/dist/esm/privy-provider-B2wDQG1e.mjs" contains an annotation that Rollup cannot interpret due to the position of the comment. The comment will be removed to avoid issues.
[14:39:05]: â–¸ node_modules/@privy-io/react-auth/dist/esm/privy-provider-B2wDQG1e.mjs (17:25432): A comment
[14:39:05]: â–¸ "/*#__PURE__*/"
[14:39:05]: â–¸ in "node_modules/@privy-io/react-auth/dist/esm/privy-provider-B2wDQG1e.mjs" contains an annotation that Rollup cannot interpret due to the position of the comment. The comment will be removed to avoid issues.
[14:39:05]: â–¸ node_modules/@privy-io/react-auth/dist/esm/privy-provider-B2wDQG1e.mjs (17:30227): A comment
[14:39:05]: â–¸ "/*#__PURE__*/"
[14:39:05]: â–¸ in "node_modules/@privy-io/react-auth/dist/esm/privy-provider-B2wDQG1e.mjs" contains an annotation that Rollup cannot interpret due to the position of the comment. The comment will be removed to avoid issues.
[14:39:05]: â–¸ node_modules/@privy-io/react-auth/dist/esm/privy-provider-B2wDQG1e.mjs (17:31416): A comment
[14:39:05]: â–¸ "/*#__PURE__*/"
[14:39:05]: â–¸ in "node_modules/@privy-io/react-auth/dist/esm/privy-provider-B2wDQG1e.mjs" contains an annotation that Rollup cannot interpret due to the position of the comment. The comment will be removed to avoid issues.
[14:39:05]: â–¸ node_modules/@privy-io/react-auth/dist/esm/privy-provider-B2wDQG1e.mjs (17:32719): A comment
[14:39:05]: â–¸ "/*#__PURE__*/"
[14:39:05]: â–¸ in "node_modules/@privy-io/react-auth/dist/esm/privy-provider-B2wDQG1e.mjs" contains an annotation that Rollup cannot interpret due to the position of the comment. The comment will be removed to avoid issues.
[14:39:05]: â–¸ node_modules/@privy-io/react-auth/dist/esm/privy-provider-B2wDQG1e.mjs (17:39952): A comment
[14:39:05]: â–¸ "/*#__PURE__*/"
[14:39:05]: â–¸ in "node_modules/@privy-io/react-auth/dist/esm/privy-provider-B2wDQG1e.mjs" contains an annotation that Rollup cannot interpret due to the position of the comment. The comment will be removed to avoid issues.
[14:39:05]: â–¸ node_modules/@privy-io/react-auth/dist/esm/privy-provider-B2wDQG1e.mjs (17:41706): A comment
[14:39:05]: â–¸ "/*#__PURE__*/"
[14:39:05]: â–¸ in "node_modules/@privy-io/react-auth/dist/esm/privy-provider-B2wDQG1e.mjs" contains an annotation that Rollup cannot interpret due to the position of the comment. The comment will be removed to avoid issues.
[14:39:05]: â–¸ node_modules/@privy-io/react-auth/dist/esm/privy-provider-B2wDQG1e.mjs (18:5808): A comment
[14:39:05]: â–¸ "/*#__PURE__*/"
[14:39:05]: â–¸ in "node_modules/@privy-io/react-auth/dist/esm/privy-provider-B2wDQG1e.mjs" contains an annotation that Rollup cannot interpret due to the position of the comment. The comment will be removed to avoid issues.
[14:39:05]: â–¸ node_modules/@privy-io/react-auth/dist/esm/privy-provider-B2wDQG1e.mjs (18:8375): A comment
[14:39:05]: â–¸ "/*#__PURE__*/"
[14:39:05]: â–¸ in "node_modules/@privy-io/react-auth/dist/esm/privy-provider-B2wDQG1e.mjs" contains an annotation that Rollup cannot interpret due to the position of the comment. The comment will be removed to avoid issues.
[14:39:05]: â–¸ node_modules/@privy-io/react-auth/dist/esm/privy-provider-B2wDQG1e.mjs (18:16637): A comment
[14:39:05]: â–¸ "/*#__PURE__*/"
[14:39:05]: â–¸ in "node_modules/@privy-io/react-auth/dist/esm/privy-provider-B2wDQG1e.mjs" contains an annotation that Rollup cannot interpret due to the position of the comment. The comment will be removed to avoid issues.
[14:39:05]: â–¸ node_modules/@privy-io/react-auth/dist/esm/privy-provider-B2wDQG1e.mjs (19:416): A comment
[14:39:05]: â–¸ "/*#__PURE__*/"
[14:39:05]: â–¸ in "node_modules/@privy-io/react-auth/dist/esm/privy-provider-B2wDQG1e.mjs" contains an annotation that Rollup cannot interpret due to the position of the comment. The comment will be removed to avoid issues.
[14:39:05]: â–¸ node_modules/@privy-io/react-auth/dist/esm/privy-provider-B2wDQG1e.mjs (19:7559): A comment
[14:39:05]: â–¸ "/*#__PURE__*/"
[14:39:05]: â–¸ in "node_modules/@privy-io/react-auth/dist/esm/privy-provider-B2wDQG1e.mjs" contains an annotation that Rollup cannot interpret due to the position of the comment. The comment will be removed to avoid issues.
[14:39:05]: â–¸ node_modules/@privy-io/react-auth/dist/esm/privy-provider-B2wDQG1e.mjs (19:8414): A comment
[14:39:05]: â–¸ "/*#__PURE__*/"
[14:39:05]: â–¸ in "node_modules/@privy-io/react-auth/dist/esm/privy-provider-B2wDQG1e.mjs" contains an annotation that Rollup cannot interpret due to the position of the comment. The comment will be removed to avoid issues.
[14:39:05]: â–¸ node_modules/@privy-io/react-auth/dist/esm/privy-provider-B2wDQG1e.mjs (19:11241): A comment
[14:39:05]: â–¸ "/*#__PURE__*/"
[14:39:05]: â–¸ in "node_modules/@privy-io/react-auth/dist/esm/privy-provider-B2wDQG1e.mjs" contains an annotation that Rollup cannot interpret due to the position of the comment. The comment will be removed to avoid issues.
[14:39:05]: â–¸ node_modules/@privy-io/react-auth/dist/esm/privy-provider-B2wDQG1e.mjs (19:13102): A comment
[14:39:05]: â–¸ "/*#__PURE__*/"
[14:39:05]: â–¸ in "node_modules/@privy-io/react-auth/dist/esm/privy-provider-B2wDQG1e.mjs" contains an annotation that Rollup cannot interpret due to the position of the comment. The comment will be removed to avoid issues.
[14:39:05]: â–¸ node_modules/@privy-io/react-auth/dist/esm/privy-provider-B2wDQG1e.mjs (19:16449): A comment
[14:39:05]: â–¸ "/*#__PURE__*/"
[14:39:05]: â–¸ in "node_modules/@privy-io/react-auth/dist/esm/privy-provider-B2wDQG1e.mjs" contains an annotation that Rollup cannot interpret due to the position of the comment. The comment will be removed to avoid issues.
[14:39:05]: â–¸ node_modules/@privy-io/react-auth/dist/esm/privy-provider-B2wDQG1e.mjs (19:20446): A comment
[14:39:05]: â–¸ "/*#__PURE__*/"
[14:39:05]: â–¸ in "node_modules/@privy-io/react-auth/dist/esm/privy-provider-B2wDQG1e.mjs" contains an annotation that Rollup cannot interpret due to the position of the comment. The comment will be removed to avoid issues.
[14:39:05]: â–¸ node_modules/@privy-io/react-auth/dist/esm/privy-provider-B2wDQG1e.mjs (19:22294): A comment
[14:39:05]: â–¸ "/*#__PURE__*/"
[14:39:05]: â–¸ in "node_modules/@privy-io/react-auth/dist/esm/privy-provider-B2wDQG1e.mjs" contains an annotation that Rollup cannot interpret due to the position of the comment. The comment will be removed to avoid issues.
[14:39:05]: â–¸ node_modules/@privy-io/react-auth/dist/esm/privy-provider-B2wDQG1e.mjs (19:52824): A comment
[14:39:05]: â–¸ "/*#__PURE__*/"
[14:39:05]: â–¸ in "node_modules/@privy-io/react-auth/dist/esm/privy-provider-B2wDQG1e.mjs" contains an annotation that Rollup cannot interpret due to the position of the comment. The comment will be removed to avoid issues.
[14:39:05]: â–¸ node_modules/@privy-io/react-auth/dist/esm/privy-provider-B2wDQG1e.mjs (19:52869): A comment
[14:39:05]: â–¸ "/*#__PURE__*/"
[14:39:05]: â–¸ in "node_modules/@privy-io/react-auth/dist/esm/privy-provider-B2wDQG1e.mjs" contains an annotation that Rollup cannot interpret due to the position of the comment. The comment will be removed to avoid issues.
[14:39:05]: â–¸ node_modules/@privy-io/react-auth/dist/esm/privy-provider-B2wDQG1e.mjs (19:53122): A comment
[14:39:05]: â–¸ "/*#__PURE__*/"
[14:39:05]: â–¸ in "node_modules/@privy-io/react-auth/dist/esm/privy-provider-B2wDQG1e.mjs" contains an annotation that Rollup cannot interpret due to the position of the comment. The comment will be removed to avoid issues.
[14:39:05]: â–¸ node_modules/@privy-io/react-auth/dist/esm/privy-provider-B2wDQG1e.mjs (20:3634): A comment
[14:39:05]: â–¸ "/*#__PURE__*/"
[14:39:05]: â–¸ in "node_modules/@privy-io/react-auth/dist/esm/privy-provider-B2wDQG1e.mjs" contains an annotation that Rollup cannot interpret due to the position of the comment. The comment will be removed to avoid issues.
[14:39:05]: â–¸ node_modules/@privy-io/react-auth/dist/esm/privy-provider-B2wDQG1e.mjs (20:5192): A comment
[14:39:05]: â–¸ "/*#__PURE__*/"
[14:39:05]: â–¸ in "node_modules/@privy-io/react-auth/dist/esm/privy-provider-B2wDQG1e.mjs" contains an annotation that Rollup cannot interpret due to the position of the comment. The comment will be removed to avoid issues.
[14:39:05]: â–¸ node_modules/@privy-io/react-auth/dist/esm/privy-provider-B2wDQG1e.mjs (20:11747): A comment
[14:39:05]: â–¸ "/*#__PURE__*/"
[14:39:05]: â–¸ in "node_modules/@privy-io/react-auth/dist/esm/privy-provider-B2wDQG1e.mjs" contains an annotation that Rollup cannot interpret due to the position of the comment. The comment will be removed to avoid issues.
[14:39:05]: â–¸ node_modules/@privy-io/react-auth/dist/esm/privy-provider-B2wDQG1e.mjs (20:19187): A comment
[14:39:05]: â–¸ "/*#__PURE__*/"
[14:39:05]: â–¸ in "node_modules/@privy-io/react-auth/dist/esm/privy-provider-B2wDQG1e.mjs" contains an annotation that Rollup cannot interpret due to the position of the comment. The comment will be removed to avoid issues.
[14:39:05]: â–¸ node_modules/@privy-io/react-auth/dist/esm/privy-provider-B2wDQG1e.mjs (22:517): A comment
[14:39:05]: â–¸ "/*#__PURE__*/"
[14:39:05]: â–¸ in "node_modules/@privy-io/react-auth/dist/esm/privy-provider-B2wDQG1e.mjs" contains an annotation that Rollup cannot interpret due to the position of the comment. The comment will be removed to avoid issues.
[14:39:05]: â–¸ node_modules/@privy-io/react-auth/dist/esm/privy-provider-B2wDQG1e.mjs (22:5793): A comment
[14:39:05]: â–¸ "/*#__PURE__*/"
[14:39:05]: â–¸ in "node_modules/@privy-io/react-auth/dist/esm/privy-provider-B2wDQG1e.mjs" contains an annotation that Rollup cannot interpret due to the position of the comment. The comment will be removed to avoid issues.
[14:39:05]: â–¸ node_modules/@privy-io/react-auth/dist/esm/privy-provider-B2wDQG1e.mjs (22:6122): A comment
[14:39:05]: â–¸ "/*#__PURE__*/"
[14:39:05]: â–¸ in "node_modules/@privy-io/react-auth/dist/esm/privy-provider-B2wDQG1e.mjs" contains an annotation that Rollup cannot interpret due to the position of the comment. The comment will be removed to avoid issues.
[14:39:05]: â–¸ node_modules/@privy-io/react-auth/dist/esm/privy-provider-B2wDQG1e.mjs (22:6680): A comment
[14:39:05]: â–¸ "/*#__PURE__*/"
[14:39:05]: â–¸ in "node_modules/@privy-io/react-auth/dist/esm/privy-provider-B2wDQG1e.mjs" contains an annotation that Rollup cannot interpret due to the position of the comment. The comment will be removed to avoid issues.
[14:39:05]: â–¸ node_modules/@privy-io/react-auth/dist/esm/privy-provider-B2wDQG1e.mjs (22:11519): A comment
[14:39:05]: â–¸ "/*#__PURE__*/"
[14:39:05]: â–¸ in "node_modules/@privy-io/react-auth/dist/esm/privy-provider-B2wDQG1e.mjs" contains an annotation that Rollup cannot interpret due to the position of the comment. The comment will be removed to avoid issues.
[14:39:05]: â–¸ node_modules/@privy-io/react-auth/dist/esm/privy-provider-B2wDQG1e.mjs (22:12316): A comment
[14:39:05]: â–¸ "/*#__PURE__*/"
[14:39:05]: â–¸ in "node_modules/@privy-io/react-auth/dist/esm/privy-provider-B2wDQG1e.mjs" contains an annotation that Rollup cannot interpret due to the position of the comment. The comment will be removed to avoid issues.
[14:39:05]: â–¸ node_modules/@privy-io/react-auth/dist/esm/privy-provider-B2wDQG1e.mjs (22:12640): A comment
[14:39:05]: â–¸ "/*#__PURE__*/"
[14:39:05]: â–¸ in "node_modules/@privy-io/react-auth/dist/esm/privy-provider-B2wDQG1e.mjs" contains an annotation that Rollup cannot interpret due to the position of the comment. The comment will be removed to avoid issues.
[14:39:05]: â–¸ node_modules/@privy-io/react-auth/dist/esm/privy-provider-B2wDQG1e.mjs (22:13439): A comment
[14:39:05]: â–¸ "/*#__PURE__*/"
[14:39:05]: â–¸ in "node_modules/@privy-io/react-auth/dist/esm/privy-provider-B2wDQG1e.mjs" contains an annotation that Rollup cannot interpret due to the position of the comment. The comment will be removed to avoid issues.
[14:39:05]: â–¸ node_modules/@privy-io/react-auth/dist/esm/privy-provider-B2wDQG1e.mjs (22:17317): A comment
[14:39:05]: â–¸ "/*#__PURE__*/"
[14:39:05]: â–¸ in "node_modules/@privy-io/react-auth/dist/esm/privy-provider-B2wDQG1e.mjs" contains an annotation that Rollup cannot interpret due to the position of the comment. The comment will be removed to avoid issues.
[14:39:05]: â–¸ node_modules/@privy-io/react-auth/dist/esm/privy-provider-B2wDQG1e.mjs (22:23476): A comment
[14:39:05]: â–¸ "/*#__PURE__*/"
[14:39:05]: â–¸ in "node_modules/@privy-io/react-auth/dist/esm/privy-provider-B2wDQG1e.mjs" contains an annotation that Rollup cannot interpret due to the position of the comment. The comment will be removed to avoid issues.
[14:39:05]: â–¸ node_modules/@privy-io/react-auth/dist/esm/privy-provider-B2wDQG1e.mjs (23:6823): A comment
[14:39:05]: â–¸ "/*#__PURE__*/"
[14:39:05]: â–¸ in "node_modules/@privy-io/react-auth/dist/esm/privy-provider-B2wDQG1e.mjs" contains an annotation that Rollup cannot interpret due to the position of the comment. The comment will be removed to avoid issues.
[14:39:05]: â–¸ node_modules/@privy-io/react-auth/dist/esm/privy-provider-B2wDQG1e.mjs (23:12249): A comment
[14:39:05]: â–¸ "/*#__PURE__*/"
[14:39:05]: â–¸ in "node_modules/@privy-io/react-auth/dist/esm/privy-provider-B2wDQG1e.mjs" contains an annotation that Rollup cannot interpret due to the position of the comment. The comment will be removed to avoid issues.
[14:39:05]: â–¸ node_modules/@privy-io/react-auth/dist/esm/privy-provider-B2wDQG1e.mjs (24:925): A comment
[14:39:05]: â–¸ "/*#__PURE__*/"
[14:39:05]: â–¸ in "node_modules/@privy-io/react-auth/dist/esm/privy-provider-B2wDQG1e.mjs" contains an annotation that Rollup cannot interpret due to the position of the comment. The comment will be removed to avoid issues.
[14:39:05]: â–¸ node_modules/@privy-io/react-auth/dist/esm/privy-provider-B2wDQG1e.mjs (24:11267): A comment
[14:39:05]: â–¸ "/*#__PURE__*/"
[14:39:05]: â–¸ in "node_modules/@privy-io/react-auth/dist/esm/privy-provider-B2wDQG1e.mjs" contains an annotation that Rollup cannot interpret due to the position of the comment. The comment will be removed to avoid issues.
[14:39:05]: â–¸ node_modules/@privy-io/react-auth/dist/esm/privy-provider-B2wDQG1e.mjs (24:20227): A comment
[14:39:05]: â–¸ "/*#__PURE__*/"
[14:39:05]: â–¸ in "node_modules/@privy-io/react-auth/dist/esm/privy-provider-B2wDQG1e.mjs" contains an annotation that Rollup cannot interpret due to the position of the comment. The comment will be removed to avoid issues.
[14:39:05]: â–¸ node_modules/@privy-io/react-auth/dist/esm/privy-provider-B2wDQG1e.mjs (24:21020): A comment
[14:39:05]: â–¸ "/*#__PURE__*/"
[14:39:05]: â–¸ in "node_modules/@privy-io/react-auth/dist/esm/privy-provider-B2wDQG1e.mjs" contains an annotation that Rollup cannot interpret due to the position of the comment. The comment will be removed to avoid issues.
[14:39:05]: â–¸ node_modules/@privy-io/react-auth/dist/esm/privy-provider-B2wDQG1e.mjs (24:27930): A comment
[14:39:05]: â–¸ "/*#__PURE__*/"
[14:39:05]: â–¸ in "node_modules/@privy-io/react-auth/dist/esm/privy-provider-B2wDQG1e.mjs" contains an annotation that Rollup cannot interpret due to the position of the comment. The comment will be removed to avoid issues.
[14:39:05]: â–¸ node_modules/@privy-io/react-auth/dist/esm/privy-provider-B2wDQG1e.mjs (24:28833): A comment
[14:39:05]: â–¸ "/*#__PURE__*/"
[14:39:05]: â–¸ in "node_modules/@privy-io/react-auth/dist/esm/privy-provider-B2wDQG1e.mjs" contains an annotation that Rollup cannot interpret due to the position of the comment. The comment will be removed to avoid issues.
[14:39:05]: â–¸ node_modules/@privy-io/react-auth/dist/esm/privy-provider-B2wDQG1e.mjs (24:39813): A comment
[14:39:05]: â–¸ "/*#__PURE__*/"
[14:39:05]: â–¸ in "node_modules/@privy-io/react-auth/dist/esm/privy-provider-B2wDQG1e.mjs" contains an annotation that Rollup cannot interpret due to the position of the comment. The comment will be removed to avoid issues.
[14:39:05]: â–¸ node_modules/@privy-io/react-auth/dist/esm/privy-provider-B2wDQG1e.mjs (24:50627): A comment
[14:39:05]: â–¸ "/*#__PURE__*/"
[14:39:05]: â–¸ in "node_modules/@privy-io/react-auth/dist/esm/privy-provider-B2wDQG1e.mjs" contains an annotation that Rollup cannot interpret due to the position of the comment. The comment will be removed to avoid issues.
[14:39:05]: â–¸ node_modules/@privy-io/react-auth/dist/esm/privy-provider-B2wDQG1e.mjs (24:55218): A comment
[14:39:05]: â–¸ "/*#__PURE__*/"
[14:39:05]: â–¸ in "node_modules/@privy-io/react-auth/dist/esm/privy-provider-B2wDQG1e.mjs" contains an annotation that Rollup cannot interpret due to the position of the comment. The comment will be removed to avoid issues.
[14:39:05]: â–¸ node_modules/@privy-io/react-auth/dist/esm/privy-provider-B2wDQG1e.mjs (24:55501): A comment
[14:39:05]: â–¸ "/*#__PURE__*/"
[14:39:05]: â–¸ in "node_modules/@privy-io/react-auth/dist/esm/privy-provider-B2wDQG1e.mjs" contains an annotation that Rollup cannot interpret due to the position of the comment. The comment will be removed to avoid issues.
[14:39:05]: â–¸ node_modules/@privy-io/react-auth/dist/esm/privy-provider-B2wDQG1e.mjs (24:57977): A comment
[14:39:05]: â–¸ "/*#__PURE__*/"
[14:39:05]: â–¸ in "node_modules/@privy-io/react-auth/dist/esm/privy-provider-B2wDQG1e.mjs" contains an annotation that Rollup cannot interpret due to the position of the comment. The comment will be removed to avoid issues.
[14:39:05]: â–¸ node_modules/@privy-io/react-auth/dist/esm/privy-provider-B2wDQG1e.mjs (24:62466): A comment
[14:39:05]: â–¸ "/*#__PURE__*/"
[14:39:05]: â–¸ in "node_modules/@privy-io/react-auth/dist/esm/privy-provider-B2wDQG1e.mjs" contains an annotation that Rollup cannot interpret due to the position of the comment. The comment will be removed to avoid issues.
[14:39:05]: â–¸ node_modules/@privy-io/react-auth/dist/esm/privy-provider-B2wDQG1e.mjs (25:1702): A comment
[14:39:05]: â–¸ "/*#__PURE__*/"
[14:39:05]: â–¸ in "node_modules/@privy-io/react-auth/dist/esm/privy-provider-B2wDQG1e.mjs" contains an annotation that Rollup cannot interpret due to the position of the comment. The comment will be removed to avoid issues.
[14:39:05]: â–¸ node_modules/@privy-io/react-auth/dist/esm/privy-provider-B2wDQG1e.mjs (25:2580): A comment
[14:39:05]: â–¸ "/*#__PURE__*/"
[14:39:05]: â–¸ in "node_modules/@privy-io/react-auth/dist/esm/privy-provider-B2wDQG1e.mjs" contains an annotation that Rollup cannot interpret due to the position of the comment. The comment will be removed to avoid issues.
[14:39:05]: â–¸ node_modules/@privy-io/react-auth/dist/esm/privy-provider-B2wDQG1e.mjs (25:4662): A comment
[14:39:05]: â–¸ "/*#__PURE__*/"
[14:39:05]: â–¸ in "node_modules/@privy-io/react-auth/dist/esm/privy-provider-B2wDQG1e.mjs" contains an annotation that Rollup cannot interpret due to the position of the comment. The comment will be removed to avoid issues.
[14:39:05]: â–¸ node_modules/@privy-io/react-auth/dist/esm/privy-provider-B2wDQG1e.mjs (25:9874): A comment
[14:39:05]: â–¸ "/*#__PURE__*/"
[14:39:05]: â–¸ in "node_modules/@privy-io/react-auth/dist/esm/privy-provider-B2wDQG1e.mjs" contains an annotation that Rollup cannot interpret due to the position of the comment. The comment will be removed to avoid issues.
[14:39:05]: â–¸ node_modules/@privy-io/react-auth/dist/esm/privy-provider-B2wDQG1e.mjs (26:2318): A comment
[14:39:05]: â–¸ "/*#__PURE__*/"
[14:39:05]: â–¸ in "node_modules/@privy-io/react-auth/dist/esm/privy-provider-B2wDQG1e.mjs" contains an annotation that Rollup cannot interpret due to the position of the comment. The comment will be removed to avoid issues.
[14:39:05]: â–¸ node_modules/@privy-io/react-auth/dist/esm/privy-provider-B2wDQG1e.mjs (26:3198): A comment
[14:39:05]: â–¸ "/*#__PURE__*/"
[14:39:05]: â–¸ in "node_modules/@privy-io/react-auth/dist/esm/privy-provider-B2wDQG1e.mjs" contains an annotation that Rollup cannot interpret due to the position of the comment. The comment will be removed to avoid issues.
[14:39:05]: â–¸ node_modules/@privy-io/react-auth/dist/esm/privy-provider-B2wDQG1e.mjs (26:3712): A comment
[14:39:05]: â–¸ "/*#__PURE__*/"
[14:39:05]: â–¸ in "node_modules/@privy-io/react-auth/dist/esm/privy-provider-B2wDQG1e.mjs" contains an annotation that Rollup cannot interpret due to the position of the comment. The comment will be removed to avoid issues.
[14:39:05]: â–¸ node_modules/@privy-io/react-auth/dist/esm/privy-provider-B2wDQG1e.mjs (26:4924): A comment
[14:39:05]: â–¸ "/*#__PURE__*/"
[14:39:05]: â–¸ in "node_modules/@privy-io/react-auth/dist/esm/privy-provider-B2wDQG1e.mjs" contains an annotation that Rollup cannot interpret due to the position of the comment. The comment will be removed to avoid issues.
[14:39:05]: â–¸ node_modules/@privy-io/react-auth/dist/esm/privy-provider-B2wDQG1e.mjs (26:6335): A comment
[14:39:05]: â–¸ "/*#__PURE__*/"
[14:39:05]: â–¸ in "node_modules/@privy-io/react-auth/dist/esm/privy-provider-B2wDQG1e.mjs" contains an annotation that Rollup cannot interpret due to the position of the comment. The comment will be removed to avoid issues.
[14:39:05]: â–¸ node_modules/@privy-io/react-auth/dist/esm/privy-provider-B2wDQG1e.mjs (26:9238): A comment
[14:39:05]: â–¸ "/*#__PURE__*/"
[14:39:05]: â–¸ in "node_modules/@privy-io/react-auth/dist/esm/privy-provider-B2wDQG1e.mjs" contains an annotation that Rollup cannot interpret due to the position of the comment. The comment will be removed to avoid issues.
[14:39:05]: â–¸ node_modules/@privy-io/react-auth/dist/esm/privy-provider-B2wDQG1e.mjs (26:13661): A comment
[14:39:05]: â–¸ "/*#__PURE__*/"
[14:39:05]: â–¸ in "node_modules/@privy-io/react-auth/dist/esm/privy-provider-B2wDQG1e.mjs" contains an annotation that Rollup cannot interpret due to the position of the comment. The comment will be removed to avoid issues.
[14:39:05]: â–¸ node_modules/@privy-io/react-auth/dist/esm/privy-provider-B2wDQG1e.mjs (26:18898): A comment
[14:39:05]: â–¸ "/*#__PURE__*/"
[14:39:05]: â–¸ in "node_modules/@privy-io/react-auth/dist/esm/privy-provider-B2wDQG1e.mjs" contains an annotation that Rollup cannot interpret due to the position of the comment. The comment will be removed to avoid issues.
[14:39:05]: â–¸ node_modules/@privy-io/react-auth/dist/esm/privy-provider-B2wDQG1e.mjs (26:21565): A comment
[14:39:05]: â–¸ "/*#__PURE__*/"
[14:39:05]: â–¸ in "node_modules/@privy-io/react-auth/dist/esm/privy-provider-B2wDQG1e.mjs" contains an annotation that Rollup cannot interpret due to the position of the comment. The comment will be removed to avoid issues.
[14:39:05]: â–¸ node_modules/@privy-io/react-auth/dist/esm/privy-provider-B2wDQG1e.mjs (26:21783): A comment
[14:39:05]: â–¸ "/*#__PURE__*/"
[14:39:05]: â–¸ in "node_modules/@privy-io/react-auth/dist/esm/privy-provider-B2wDQG1e.mjs" contains an annotation that Rollup cannot interpret due to the position of the comment. The comment will be removed to avoid issues.
[14:39:05]: â–¸ node_modules/@privy-io/react-auth/dist/esm/privy-provider-B2wDQG1e.mjs (26:22356): A comment
[14:39:05]: â–¸ "/*#__PURE__*/"
[14:39:05]: â–¸ in "node_modules/@privy-io/react-auth/dist/esm/privy-provider-B2wDQG1e.mjs" contains an annotation that Rollup cannot interpret due to the position of the comment. The comment will be removed to avoid issues.
[14:39:05]: â–¸ node_modules/@privy-io/react-auth/dist/esm/privy-provider-B2wDQG1e.mjs (26:23019): A comment
[14:39:05]: â–¸ "/*#__PURE__*/"
[14:39:05]: â–¸ in "node_modules/@privy-io/react-auth/dist/esm/privy-provider-B2wDQG1e.mjs" contains an annotation that Rollup cannot interpret due to the position of the comment. The comment will be removed to avoid issues.
[14:39:05]: â–¸ node_modules/@privy-io/react-auth/dist/esm/privy-provider-B2wDQG1e.mjs (26:23729): A comment
[14:39:05]: â–¸ "/*#__PURE__*/"
[14:39:05]: â–¸ in "node_modules/@privy-io/react-auth/dist/esm/privy-provider-B2wDQG1e.mjs" contains an annotation that Rollup cannot interpret due to the position of the comment. The comment will be removed to avoid issues.
[14:39:05]: â–¸ node_modules/@privy-io/react-auth/dist/esm/privy-provider-B2wDQG1e.mjs (26:30381): A comment
[14:39:05]: â–¸ "/*#__PURE__*/"
[14:39:05]: â–¸ in "node_modules/@privy-io/react-auth/dist/esm/privy-provider-B2wDQG1e.mjs" contains an annotation that Rollup cannot interpret due to the position of the comment. The comment will be removed to avoid issues.
[14:39:05]: â–¸ node_modules/@privy-io/react-auth/dist/esm/privy-provider-B2wDQG1e.mjs (26:31575): A comment
[14:39:05]: â–¸ "/*#__PURE__*/"
[14:39:05]: â–¸ in "node_modules/@privy-io/react-auth/dist/esm/privy-provider-B2wDQG1e.mjs" contains an annotation that Rollup cannot interpret due to the position of the comment. The comment will be removed to avoid issues.
[14:39:05]: â–¸ node_modules/@privy-io/react-auth/dist/esm/privy-provider-B2wDQG1e.mjs (26:35611): A comment
[14:39:05]: â–¸ "/*#__PURE__*/"
[14:39:05]: â–¸ in "node_modules/@privy-io/react-auth/dist/esm/privy-provider-B2wDQG1e.mjs" contains an annotation that Rollup cannot interpret due to the position of the comment. The comment will be removed to avoid issues.
[14:39:05]: â–¸ node_modules/@privy-io/react-auth/dist/esm/privy-provider-B2wDQG1e.mjs (27:64587): A comment
[14:39:05]: â–¸ "/*#__PURE__*/"
[14:39:05]: â–¸ in "node_modules/@privy-io/react-auth/dist/esm/privy-provider-B2wDQG1e.mjs" contains an annotation that Rollup cannot interpret due to the position of the comment. The comment will be removed to avoid issues.
[14:39:12]: â–¸ node_modules/ox/_esm/core/Address.js (6:21): A comment
[14:39:12]: â–¸ "/*#__PURE__*/"
[14:39:12]: â–¸ in "node_modules/ox/_esm/core/Address.js" contains an annotation that Rollup cannot interpret due to the position of the comment. The comment will be removed to avoid issues.
[14:39:12]: â–¸ node_modules/ox/_esm/core/internal/cursor.js (2:21): A comment
[14:39:12]: â–¸ "/*#__PURE__*/"
[14:39:12]: â–¸ in "node_modules/ox/_esm/core/internal/cursor.js" contains an annotation that Rollup cannot interpret due to the position of the comment. The comment will be removed to avoid issues.
[14:39:13]: â–¸ node_modules/@walletconnect/utils/node_modules/ox/_esm/core/Address.js (6:21): A comment
[14:39:13]: â–¸ "/*#__PURE__*/"
[14:39:13]: â–¸ in "node_modules/@walletconnect/utils/node_modules/ox/_esm/core/Address.js" contains an annotation that Rollup cannot interpret due to the position of the comment. The comment will be removed to avoid issues.
[14:39:13]: â–¸ node_modules/@walletconnect/utils/node_modules/ox/_esm/core/internal/cursor.js (2:21): A comment
[14:39:13]: â–¸ "/*#__PURE__*/"
[14:39:13]: â–¸ in "node_modules/@walletconnect/utils/node_modules/ox/_esm/core/internal/cursor.js" contains an annotation that Rollup cannot interpret due to the position of the comment. The comment will be removed to avoid issues.
[14:39:14]: â–¸ node_modules/@walletconnect/universal-provider/node_modules/ox/_esm/core/Address.js (6:21): A comment
[14:39:14]: â–¸ "/*#__PURE__*/"
[14:39:14]: â–¸ in "node_modules/@walletconnect/universal-provider/node_modules/ox/_esm/core/Address.js" contains an annotation that Rollup cannot interpret due to the position of the comment. The comment will be removed to avoid issues.
[14:39:14]: â–¸ node_modules/@walletconnect/universal-provider/node_modules/ox/_esm/core/internal/cursor.js (2:21): A comment
[14:39:14]: â–¸ "/*#__PURE__*/"
[14:39:14]: â–¸ in "node_modules/@walletconnect/universal-provider/node_modules/ox/_esm/core/internal/cursor.js" contains an annotation that Rollup cannot interpret due to the position of the comment. The comment will be removed to avoid issues.
[14:39:25]: â–¸ âœ“ 6103 modules transformed.
[14:39:26]: â–¸ rendering chunks...
[14:39:27]: â–¸ computing gzip size...
[14:39:27]: â–¸ ../dist/public/index.html                                        3.02 kB â”‚ gzip:   1.23 kB
[14:39:27]: â–¸ ../dist/public/assets/splash-screen-B6KGqzQe.jpg                12.99 kB
[14:39:27]: â–¸ ../dist/public/assets/doctorbird-logo-EzZeiTDK.webp             35.37 kB
[14:39:27]: â–¸ ../dist/public/assets/samu-logo-ZdRBbV3B.webp                   41.76 kB
[14:39:27]: â–¸ ../dist/public/assets/samu-samurai-shirt-DKnLUO4S.webp         624.25 kB
[14:39:27]: â–¸ ../dist/public/assets/index-CJa3r7Pf.css                        53.62 kB â”‚ gzip:   9.84 kB
[14:39:27]: â–¸ ../dist/public/assets/ConstantsUtil-Dmg8YACJ.js                  0.09 kB â”‚ gzip:   0.11 kB
[14:39:27]: â–¸ ../dist/public/assets/cursor-B3idXTsv.js                         0.23 kB â”‚ gzip:   0.21 kB
[14:39:27]: â–¸ ../dist/public/assets/circle-Bb_1ffdP.js                         0.27 kB â”‚ gzip:   0.22 kB
[14:39:27]: â–¸ ../dist/public/assets/index-BEIt6C7z.js                          0.34 kB â”‚ gzip:   0.24 kB
[14:39:27]: â–¸ ../dist/public/assets/web-CsdeOr9B.js                            0.36 kB â”‚ gzip:   0.25 kB
[14:39:27]: â–¸ ../dist/public/assets/chevron-left-DMmbDBkG.js                   0.37 kB â”‚ gzip:   0.27 kB
[14:39:27]: â–¸ ../dist/public/assets/chevron-top-U3pmL0XF.js                    0.37 kB â”‚ gzip:   0.26 kB
[14:39:27]: â–¸ ../dist/public/assets/external-link-DMaX_-lX.js                  0.37 kB â”‚ gzip:   0.27 kB
[14:39:27]: â–¸ ../dist/public/assets/chevron-bottom-DpEIPSmQ.js                 0.37 kB â”‚ gzip:   0.27 kB
[14:39:27]: â–¸ ../dist/public/assets/chevron-right-C-j4tb_8.js                  0.37 kB â”‚ gzip:   0.26 kB
[14:39:27]: â–¸ ../dist/public/assets/web-CxTJiESU.js                            0.38 kB â”‚ gzip:   0.25 kB
[14:39:27]: â–¸ ../dist/public/assets/arrow-top-BETltnD_.js                      0.38 kB â”‚ gzip:   0.27 kB
[14:39:27]: â–¸ ../dist/public/assets/arrow-bottom-doDl3YJt.js                   0.38 kB â”‚ gzip:   0.27 kB
[14:39:27]: â–¸ ../dist/public/assets/arrow-left-CrOtXVH-.js                     0.38 kB â”‚ gzip:   0.27 kB
[14:39:27]: â–¸ ../dist/public/assets/arrow-right-Cmct0CJk.js                    0.39 kB â”‚ gzip:   0.28 kB
[14:39:27]: â–¸ ../dist/public/assets/search-CqOXc9OY.js                         0.41 kB â”‚ gzip:   0.28 kB
[14:39:27]: â–¸ ../dist/public/assets/close-CiZE4cHo.js                          0.41 kB â”‚ gzip:   0.28 kB
[14:39:27]: â–¸ ../dist/public/assets/all-wallets-D3gL8tHl.js                    0.42 kB â”‚ gzip:   0.25 kB
[14:39:27]: â–¸ ../dist/public/assets/filters-BR8a3r_a.js                        0.42 kB â”‚ gzip:   0.26 kB
[14:39:27]: â–¸ ../dist/public/assets/info-circle-Vb1eoPkC.js                    0.44 kB â”‚ gzip:   0.28 kB
[14:39:27]: â–¸ ../dist/public/assets/more-8rz6weWM.js                           0.46 kB â”‚ gzip:   0.29 kB
[14:39:27]: â–¸ ../dist/public/assets/refresh-CDUozq0c.js                        0.46 kB â”‚ gzip:   0.31 kB
[14:39:27]: â–¸ ../dist/public/assets/warning-circle-Bw5ODOYp.js                 0.47 kB â”‚ gzip:   0.30 kB
[14:39:27]: â–¸ ../dist/public/assets/coinPlaceholder-C1QNpc22.js                0.47 kB â”‚ gzip:   0.34 kB
[14:39:27]: â–¸ ../dist/public/assets/compass-Ave80cm_.js                        0.49 kB â”‚ gzip:   0.33 kB
[14:39:27]: â–¸ ../dist/public/assets/swapVertical-4zXPXrO4.js                   0.52 kB â”‚ gzip:   0.33 kB
[14:39:27]: â–¸ ../dist/public/assets/swapHorizontal-DAMNW1VU.js                 0.52 kB â”‚ gzip:   0.32 kB
[14:39:27]: â–¸ ../dist/public/assets/x-CT6Y2Ro1.js                              0.54 kB â”‚ gzip:   0.38 kB
[14:39:27]: â–¸ ../dist/public/assets/index-Cn5aGd7v.js                          0.55 kB â”‚ gzip:   0.32 kB
[14:39:27]: â–¸ ../dist/public/assets/cursor-transparent-DJecqG2p.js             0.55 kB â”‚ gzip:   0.34 kB
[14:39:27]: â–¸ ../dist/public/assets/twitterIcon-CulsUHN3.js                    0.55 kB â”‚ gzip:   0.36 kB
[14:39:27]: â–¸ ../dist/public/assets/mobile-CSWaRd3_.js                         0.56 kB â”‚ gzip:   0.31 kB
[14:39:27]: â–¸ ../dist/public/assets/checkmark-bold-C_oQHpYF.js                 0.62 kB â”‚ gzip:   0.42 kB
[14:39:27]: â–¸ ../dist/public/assets/etherscan-CaWBnTEO.js                      0.67 kB â”‚ gzip:   0.43 kB
[14:39:27]: â–¸ ../dist/public/assets/checkmark-DddU6gQ9.js                      0.68 kB â”‚ gzip:   0.45 kB
[14:39:27]: â–¸ ../dist/public/assets/help-circle-CvdBG19s.js                    0.68 kB â”‚ gzip:   0.41 kB
[14:39:27]: â–¸ ../dist/public/assets/wallet-BbVDXRcK.js                         0.69 kB â”‚ gzip:   0.40 kB
[14:39:27]: â–¸ ../dist/public/assets/plus-B0OdRirr.js                           0.73 kB â”‚ gzip:   0.41 kB
[14:39:27]: â–¸ ../dist/public/assets/verify-filled-CxyeekUM.js                  0.74 kB â”‚ gzip:   0.45 kB
[14:39:27]: â–¸ ../dist/public/assets/add-pnYLb2Uo.js                            0.74 kB â”‚ gzip:   0.41 kB
[14:39:27]: â–¸ ../dist/public/assets/x-mark-OY3AuCxq.js                         0.77 kB â”‚ gzip:   0.42 kB
[14:39:27]: â–¸ ../dist/public/assets/google-BcDpJ9i5.js                         0.78 kB â”‚ gzip:   0.44 kB
[14:39:27]: â–¸ ../dist/public/assets/three-dots-BK4QOs3v.js                     0.81 kB â”‚ gzip:   0.39 kB
[14:39:27]: â–¸ ../dist/public/assets/clock-3B8kcaW3.js                          0.81 kB â”‚ gzip:   0.46 kB
[14:39:27]: â–¸ ../dist/public/assets/disconnect-DRO2x8Ag.js                     0.86 kB â”‚ gzip:   0.49 kB
[14:39:27]: â–¸ ../dist/public/assets/twitch-lBb20Pjl.js                         0.87 kB â”‚ gzip:   0.48 kB
[14:39:27]: â–¸ ../dist/public/assets/bank-BdQP54zo.js                           0.91 kB â”‚ gzip:   0.51 kB
[14:39:27]: â–¸ ../dist/public/assets/apple-ByU5-Aef.js                          0.93 kB â”‚ gzip:   0.51 kB
[14:39:27]: â–¸ ../dist/public/assets/ref-CCT3wHMe.js                            0.97 kB â”‚ gzip:   0.52 kB
[14:39:27]: â–¸ ../dist/public/assets/play-store-DZuS9CGv.js                     0.98 kB â”‚ gzip:   0.50 kB
[14:39:27]: â–¸ ../dist/public/assets/farcaster-CsrtY8Ry.js                      0.99 kB â”‚ gzip:   0.52 kB
[14:39:27]: â–¸ ../dist/public/assets/off-BluDGErJ.js                            1.03 kB â”‚ gzip:   0.54 kB
[14:39:27]: â–¸ ../dist/public/assets/ethereum-CKVlhBNk.js                       1.06 kB â”‚ gzip:   0.43 kB
[14:39:27]: â–¸ ../dist/public/assets/arrow-bottom-circle-CMphOtOV.js            1.10 kB â”‚ gzip:   0.51 kB
[14:39:27]: â–¸ ../dist/public/assets/github-CCiPb-wR.js                         1.10 kB â”‚ gzip:   0.58 kB
[14:39:27]: â–¸ ../dist/public/assets/transactions-BS6E5-4x.js                   1.13 kB â”‚ gzip:   0.64 kB
[14:39:27]: â–¸ ../dist/public/assets/swapHorizontalBold-DiFLseXH.js             1.13 kB â”‚ gzip:   0.60 kB
[14:39:27]: â–¸ ../dist/public/assets/app-store-DUu1qyZu.js                      1.17 kB â”‚ gzip:   0.66 kB
[14:39:27]: â–¸ ../dist/public/assets/mail-DauK4rAW.js                           1.18 kB â”‚ gzip:   0.64 kB
[14:39:27]: â–¸ ../dist/public/assets/index-DJYEVSw5.js                          1.19 kB â”‚ gzip:   0.68 kB
[14:39:27]: â–¸ ../dist/public/assets/facebook-DfbQxqR2.js                       1.20 kB â”‚ gzip:   0.63 kB
[14:39:27]: â–¸ ../dist/public/assets/wallet-placeholder-Cn2bsEdr.js             1.23 kB â”‚ gzip:   0.58 kB
[14:39:27]: â–¸ ../dist/public/assets/desktop-DDKu4wHJ.js                        1.24 kB â”‚ gzip:   0.63 kB
[14:39:27]: â–¸ ../dist/public/assets/discord-fvTfqhF_.js                        1.27 kB â”‚ gzip:   0.64 kB
[14:39:27]: â–¸ ../dist/public/assets/swapHorizontalMedium-DpcO2vum.js           1.27 kB â”‚ gzip:   0.66 kB
[14:39:27]: â–¸ ../dist/public/assets/recycle-horizontal-CWs6txdg.js             1.32 kB â”‚ gzip:   0.68 kB
[14:39:27]: â–¸ ../dist/public/assets/extension-M8ZY8J2I.js                      1.40 kB â”‚ gzip:   0.68 kB
[14:39:27]: â–¸ ../dist/public/assets/index-BW773MuN.js                          1.42 kB â”‚ gzip:   0.73 kB
[14:39:27]: â–¸ ../dist/public/assets/index-BGmo-uCJ.js                          1.42 kB â”‚ gzip:   0.71 kB
[14:39:27]: â–¸ ../dist/public/assets/telegram-DxzoSZrL.js                       1.42 kB â”‚ gzip:   0.82 kB
[14:39:27]: â–¸ ../dist/public/assets/swapHorizontalRoundedBold-DbrSMo4j.js      1.43 kB â”‚ gzip:   0.75 kB
[14:39:27]: â–¸ ../dist/public/assets/verify-BbTtfINb.js                         1.44 kB â”‚ gzip:   0.69 kB
[14:39:27]: â–¸ ../dist/public/assets/index-RtbwFgb1.js                          1.47 kB â”‚ gzip:   0.78 kB
[14:39:27]: â–¸ ../dist/public/assets/qr-code-DjysY1wz.js                        1.49 kB â”‚ gzip:   0.51 kB
[14:39:27]: â–¸ ../dist/public/assets/browser-M28Sjp8m.js                        1.55 kB â”‚ gzip:   0.77 kB
[14:39:27]: â–¸ ../dist/public/assets/network-placeholder-CpKJawO9.js            1.62 kB â”‚ gzip:   0.72 kB
[14:39:27]: â–¸ ../dist/public/assets/index-82aFRiaR.js                          1.63 kB â”‚ gzip:   0.78 kB
[14:39:27]: â–¸ ../dist/public/assets/index-Cf75jBa6.js                          1.69 kB â”‚ gzip:   0.92 kB
[14:39:27]: â–¸ ../dist/public/assets/id-PmdZW3s4.js                             1.72 kB â”‚ gzip:   0.79 kB
[14:39:27]: â–¸ ../dist/public/assets/nftPlaceholder-DufZapWT.js                 1.72 kB â”‚ gzip:   0.85 kB
[14:39:27]: â–¸ ../dist/public/assets/bin-BHPWt7gI.js                            1.73 kB â”‚ gzip:   0.86 kB
[14:39:27]: â–¸ ../dist/public/assets/index-Bzi_DNjq.js                          1.78 kB â”‚ gzip:   0.85 kB
[14:39:27]: â–¸ ../dist/public/assets/index-DL1X3_i9.js                          1.96 kB â”‚ gzip:   0.86 kB
[14:39:27]: â–¸ ../dist/public/assets/index-rwoXuNvm.js                          2.00 kB â”‚ gzip:   0.82 kB
[14:39:27]: â–¸ ../dist/public/assets/bitcoin-B-aNwZ3c.js                        2.01 kB â”‚ gzip:   1.09 kB
[14:39:27]: â–¸ ../dist/public/assets/info-MFh1RxiO.js                           2.23 kB â”‚ gzip:   1.12 kB
[14:39:27]: â–¸ ../dist/public/assets/index-D2s1aagl.js                          2.29 kB â”‚ gzip:   0.89 kB
[14:39:27]: â–¸ ../dist/public/assets/exclamation-triangle-B89eqHen.js           2.39 kB â”‚ gzip:   1.11 kB
[14:39:27]: â–¸ ../dist/public/assets/send-CzcdyoC-.js                           2.39 kB â”‚ gzip:   1.26 kB
[14:39:27]: â–¸ ../dist/public/assets/solana-CoAYZ8Z8.js                         2.51 kB â”‚ gzip:   1.19 kB
[14:39:27]: â–¸ ../dist/public/assets/card-DuHTzBeq.js                           2.56 kB â”‚ gzip:   1.15 kB
[14:39:27]: â–¸ ../dist/public/assets/chrome-store-hNM_4BrY.js                   2.56 kB â”‚ gzip:   1.00 kB
[14:39:27]: â–¸ ../dist/public/assets/reown-logo-Cq4zRyN3.js                     2.57 kB â”‚ gzip:   1.05 kB
[14:39:27]: â–¸ ../dist/public/assets/index-BOz-mBEh.js                          2.63 kB â”‚ gzip:   1.05 kB
[14:39:27]: â–¸ ../dist/public/assets/ccip-Cp9DLfrf.js                           2.68 kB â”‚ gzip:   1.27 kB
[14:39:27]: â–¸ ../dist/public/assets/lightbulb-DfQHAJZ9.js                      2.69 kB â”‚ gzip:   1.20 kB
[14:39:27]: â–¸ ../dist/public/assets/image-CyBDQX5t.js                          3.46 kB â”‚ gzip:   1.49 kB
[14:39:27]: â–¸ ../dist/public/assets/index-CKbPalci.js                          3.58 kB â”‚ gzip:   1.38 kB
[14:39:27]: â–¸ ../dist/public/assets/copy-FCEcw-FF.js                           3.79 kB â”‚ gzip:   1.45 kB
[14:39:27]: â–¸ ../dist/public/assets/walletconnect-BwEcH6vZ.js                  4.03 kB â”‚ gzip:   1.64 kB
[14:39:27]: â–¸ ../dist/public/assets/index-Cx4KxSE0.js                          4.34 kB â”‚ gzip:   1.73 kB
[14:39:27]: â–¸ ../dist/public/assets/index-_ONdpcRV.js                          4.38 kB â”‚ gzip:   1.20 kB
[14:39:27]: â–¸ ../dist/public/assets/index-D3u4BdOK.js                          4.60 kB â”‚ gzip:   1.54 kB
[14:39:27]: â–¸ ../dist/public/assets/receive-D8z_DWQ2.js                        5.64 kB â”‚ gzip:   2.07 kB
[14:39:27]: â–¸ ../dist/public/assets/index-COty-jUY.js                          5.68 kB â”‚ gzip:   1.69 kB
[14:39:27]: â–¸ ../dist/public/assets/index-CTTbqvRO.js                          6.32 kB â”‚ gzip:   1.76 kB
[14:39:27]: â–¸ ../dist/public/assets/index-SGrikwkX.js                          6.84 kB â”‚ gzip:   1.60 kB
[14:39:27]: â–¸ ../dist/public/assets/index-Bjltdz_y.js                          7.60 kB â”‚ gzip:   2.60 kB
[14:39:27]: â–¸ ../dist/public/assets/index-BBLycuDx.js                          7.95 kB â”‚ gzip:   2.24 kB
[14:39:27]: â–¸ ../dist/public/assets/index-Br2e6Kdz.js                          8.16 kB â”‚ gzip:   2.17 kB
[14:39:27]: â–¸ ../dist/public/assets/index-BBi-aKFJ.js                          8.56 kB â”‚ gzip:   2.57 kB
[14:39:27]: â–¸ ../dist/public/assets/index-Cpxf_D1m.js                          9.59 kB â”‚ gzip:   1.97 kB
[14:39:27]: â–¸ ../dist/public/assets/index-BDjlppJg.js                         13.22 kB â”‚ gzip:   5.36 kB
[14:39:27]: â–¸ ../dist/public/assets/index-CVdD1s6W.js                         13.28 kB â”‚ gzip:   4.93 kB
[14:39:27]: â–¸ ../dist/public/assets/embedded-wallet-DNJ-HTAn.js               13.65 kB â”‚ gzip:   4.06 kB
[14:39:27]: â–¸ ../dist/public/assets/index-D0XkYQZT.js                         15.64 kB â”‚ gzip:   4.45 kB
[14:39:27]: â–¸ ../dist/public/assets/index-BYQPpsJ6.js                         15.96 kB â”‚ gzip:   4.80 kB
[14:39:27]: â–¸ ../dist/public/assets/socials-C2yCahQu.js                       16.80 kB â”‚ gzip:   4.46 kB
[14:39:27]: â–¸ ../dist/public/assets/email-NZHM3yjY.js                         20.46 kB â”‚ gzip:   5.06 kB
[14:39:27]: â–¸ ../dist/public/assets/index-CiB0XAcW.js                         22.46 kB â”‚ gzip:   6.46 kB
[14:39:27]: â–¸ ../dist/public/assets/secp256k1-BVG4u5mt.js                     26.52 kB â”‚ gzip:  10.38 kB
[14:39:27]: â–¸ ../dist/public/assets/w3m-modal-3cXH8AFS.js                     27.33 kB â”‚ gzip:   7.15 kB
[14:39:27]: â–¸ ../dist/public/assets/index-DgQ4HEzM.js                         27.93 kB â”‚ gzip:  10.89 kB
[14:39:27]: â–¸ ../dist/public/assets/send-BN0jY2z3.js                          30.42 kB â”‚ gzip:   6.66 kB
[14:39:27]: â–¸ ../dist/public/assets/secp256k1-DbXCCgBU.js                     31.87 kB â”‚ gzip:  12.70 kB
[14:39:27]: â–¸ ../dist/public/assets/if-defined-Bs0mI9Iy.js                    31.92 kB â”‚ gzip:   8.03 kB
[14:39:27]: â–¸ ../dist/public/assets/onramp-Cr_xOdMd.js                        36.28 kB â”‚ gzip:   8.16 kB
[14:39:27]: â–¸ ../dist/public/assets/swaps-BdfASpGU.js                         50.97 kB â”‚ gzip:   9.45 kB
[14:39:27]: â–¸ ../dist/public/assets/index-DiuSya96.js                         52.48 kB â”‚ gzip:  15.24 kB
[14:39:27]: â–¸ ../dist/public/assets/index-BGuYkMMk.js                        137.40 kB â”‚ gzip:  43.40 kB
[14:39:27]: â–¸ ../dist/public/assets/index-Bfk-4WoX.js                        254.56 kB â”‚ gzip:  47.24 kB
[14:39:27]: â–¸ ../dist/public/assets/index-_bKIIntd.js                        664.53 kB â”‚ gzip: 181.98 kB
[14:39:27]: â–¸ ../dist/public/assets/index-CySW5eF0.js                      3,096.27 kB â”‚ gzip: 927.96 kB
[14:39:27]: â–¸ 
[14:39:27]: â–¸ (!) Some chunks are larger than 500 kB after minification. Consider:
[14:39:27]: â–¸ - Using dynamic import() to code-split the application
[14:39:27]: â–¸ - Use build.rollupOptions.output.manualChunks to improve chunking: https://rollupjs.org/configuration-options/#output-manualchunks
[14:39:27]: â–¸ - Adjust chunk size limit for this warning via build.chunkSizeWarningLimit.
[14:39:27]: â–¸ âœ“ built in 24.79s
[14:39:28]: â–¸ dist/index.js  87.9kb
[14:39:28]: â–¸ âš¡ Done in 8ms
[14:39:28]: $ ionic info
[14:39:29]: â–¸ Ionic:
[14:39:29]: â–¸ Ionic CLI : 7.2.0 (/usr/local/nvm/versions/node/v20.18.2/lib/node_modules/@ionic/cli)
[14:39:29]: â–¸ Capacitor:
[14:39:29]: â–¸ Capacitor CLI      : 7.3.0
[14:39:29]: â–¸ @capacitor/android : 7.3.0
[14:39:29]: â–¸ @capacitor/core    : 7.3.0
[14:39:29]: â–¸ @capacitor/ios     : 7.3.0
[14:39:29]: â–¸ Utility:
[14:39:29]: â–¸ cordova-res : not installed globally
[14:39:29]: â–¸ native-run  : 2.0.1
[14:39:29]: â–¸ System:
[14:39:29]: â–¸ NodeJS : v20.18.2 (/usr/local/nvm/versions/node/v20.18.2/bin/node)
[14:39:29]: â–¸ npm    : 10.8.2
[14:39:29]: â–¸ OS     : Linux 5.10
[14:39:29]: Generating app manifest...
[14:39:30]: ----------------------
[14:39:30]: --- Step: cap_sync ---
[14:39:30]: ----------------------
[14:39:31]: $ npx cap sync android
[14:39:32]: â–¸ âœ” Copying web assets from public to android/app/src/main/assets/public in 25.72ms
[14:39:32]: â–¸ âœ” Creating capacitor.config.json in android/app/src/main/assets in 1.53ms
[14:39:32]: â–¸ âœ” copy android in 95.44ms
[14:39:32]: â–¸ âœ” Updating Android plugins in 19.35ms
[14:39:32]: â–¸ [info] Found 5 Capacitor plugins for android:
[14:39:32]: â–¸ @capacitor/app@7.0.1
[14:39:32]: â–¸ @capacitor/browser@7.0.1
[14:39:32]: â–¸ @capacitor/filesystem@7.1.2
[14:39:32]: â–¸ @capacitor/preferences@7.0.1
[14:39:32]: â–¸ @capacitor/share@7.0.1
[14:39:32]: â–¸ âœ” update android in 121.12ms
[14:39:32]: â–¸ [info] Sync finished in 0.312s
[14:39:32]: -------------------------------
[14:39:32]: --- Step: cap_custom_deploy ---
[14:39:32]: -------------------------------
[14:39:32]: No custom native config detected.
[14:39:32]: ----------------------------------
[14:39:32]: --- Step: modify_gradle_config ---
[14:39:32]: ----------------------------------
[14:39:32]: No custom native config found... skipping
[14:39:32]: Building android (in /builds/jichangyoon/samu-capacitor-simplified/android)...
[14:39:32]: -------------------------
[14:39:32]: --- Step: bundledebug ---
[14:39:32]: -------------------------
[14:39:32]: â–¸ Downloading https://services.gradle.org/distributions/gradle-8.4-all.zip
[14:39:34]: â–¸ ....................10%....................20%....................30%.....................40%....................50%....................60%.....................70%....................80%....................90%.....................100%
[14:39:38]: â–¸ Welcome to Gradle 8.4!
[14:39:38]: â–¸ Here are the highlights of this release:
[14:39:38]: â–¸ - Compiling and testing with Java 21
[14:39:38]: â–¸ - Faster Java compilation on Windows
[14:39:38]: â–¸ - Role focused dependency configurations creation
[14:39:38]: â–¸ For more details see https://docs.gradle.org/8.4/release-notes.html
[14:39:38]: â–¸ Starting a Gradle Daemon (subsequent builds will be faster)
[14:40:24]: â–¸ > Configure project :app
[14:40:24]: â–¸ WARNING: Using flatDir should be avoided because it doesn't support any meta-data formats.
[14:40:47]: â–¸ > Configure project :capacitor-cordova-android-plugins
[14:40:47]: â–¸ WARNING: Using flatDir should be avoided because it doesn't support any meta-data formats.
[14:41:09]: â–¸ WARNING: We recommend using a newer Android Gradle plugin to use compileSdk = 35
[14:41:09]: â–¸ This Android Gradle plugin (8.1.4) was tested up to compileSdk = 34.
[14:41:09]: â–¸ You are strongly encouraged to update your project to use a newer
[14:41:09]: â–¸ Android Gradle plugin that has been tested with compileSdk = 35.
[14:41:09]: â–¸ If you are already using the latest version of the Android Gradle plugin,
[14:41:09]: â–¸ you may need to wait until a newer version with support for compileSdk = 35 is available.
[14:41:09]: â–¸ To suppress this warning, add/update
[14:41:09]: â–¸ android.suppressUnsupportedCompileSdk=35
[14:41:09]: â–¸ to this project's gradle.properties.
[14:41:10]: â–¸ Checking the license for package Android SDK Build-Tools 33.0.1 in /opt/android-sdk/licenses
[14:41:10]: â–¸ License for package Android SDK Build-Tools 33.0.1 accepted.
[14:41:11]: â–¸ Preparing "Install Android SDK Build-Tools 33.0.1 v.33.0.1".
[14:41:13]: â–¸ "Install Android SDK Build-Tools 33.0.1 v.33.0.1" ready.
[14:41:13]: â–¸ Installing Android SDK Build-Tools 33.0.1 in /opt/android-sdk/build-tools/33.0.1
[14:41:13]: â–¸ "Install Android SDK Build-Tools 33.0.1 v.33.0.1" complete.
[14:41:13]: â–¸ "Install Android SDK Build-Tools 33.0.1 v.33.0.1" finished.
[14:41:13]: â–¸ > Task :app:preBuild UP-TO-DATE
[14:41:13]: â–¸ > Task :app:preDebugBuild UP-TO-DATE
[14:41:14]: â–¸ > Task :app:generateDebugResValues
[14:41:14]: â–¸ > Task :capacitor-android:preBuild UP-TO-DATE
[14:41:14]: â–¸ > Task :capacitor-android:preDebugBuild UP-TO-DATE
[14:41:14]: â–¸ > Task :capacitor-android:generateDebugResValues
[14:41:14]: â–¸ > Task :capacitor-android:generateDebugResources
[14:41:14]: â–¸ > Task :capacitor-android:packageDebugResources
[14:41:14]: â–¸ > Task :capacitor-cordova-android-plugins:preBuild UP-TO-DATE
[14:41:14]: â–¸ > Task :capacitor-cordova-android-plugins:preDebugBuild UP-TO-DATE
[14:41:14]: â–¸ > Task :capacitor-cordova-android-plugins:generateDebugResValues
[14:41:14]: â–¸ > Task :capacitor-cordova-android-plugins:generateDebugResources
[14:41:14]: â–¸ > Task :capacitor-cordova-android-plugins:packageDebugResources
[14:41:44]: â–¸ > Task :app:mapDebugSourceSetPaths
[14:41:46]: â–¸ > Task :app:generateDebugResources
[14:41:46]: â–¸ > Task :app:createDebugCompatibleScreenManifests
[14:41:46]: â–¸ > Task :app:extractDeepLinksDebug
[14:41:46]: â–¸ > Task :capacitor-android:extractDeepLinksDebug
[14:41:46]: â–¸ > Task :capacitor-cordova-android-plugins:extractDeepLinksDebug
[14:41:47]: â–¸ > Task :capacitor-cordova-android-plugins:processDebugManifest
[14:41:47]: â–¸ > Task :capacitor-android:processDebugManifest
[14:41:47]: â–¸ > Task :capacitor-android:compileDebugLibraryResources
[14:41:48]: â–¸ > Task :app:mergeDebugResources
[14:41:48]: â–¸ > Task :app:processDebugMainManifest
[14:41:48]: â–¸ > Task :app:processDebugManifest
[14:41:48]: â–¸ > Task :app:processApplicationManifestDebugForBundle
[14:41:48]: â–¸ > Task :capacitor-cordova-android-plugins:compileDebugLibraryResources
[14:41:48]: â–¸ > Task :app:mergeDebugShaders
[14:41:49]: â–¸ > Task :app:compileDebugShaders NO-SOURCE
[14:41:49]: â–¸ > Task :app:generateDebugAssets UP-TO-DATE
[14:41:49]: â–¸ > Task :capacitor-android:mergeDebugShaders
[14:41:49]: â–¸ > Task :capacitor-android:compileDebugShaders NO-SOURCE
[14:41:49]: â–¸ > Task :capacitor-android:generateDebugAssets UP-TO-DATE
[14:41:49]: â–¸ > Task :capacitor-android:packageDebugAssets
[14:41:50]: â–¸ > Task :capacitor-cordova-android-plugins:mergeDebugShaders
[14:41:50]: â–¸ > Task :capacitor-cordova-android-plugins:compileDebugShaders NO-SOURCE
[14:41:50]: â–¸ > Task :capacitor-cordova-android-plugins:generateDebugAssets UP-TO-DATE
[14:41:50]: â–¸ > Task :capacitor-cordova-android-plugins:packageDebugAssets
[14:41:50]: â–¸ > Task :app:bundleDebugResources
[14:41:50]: â–¸ > Task :app:mergeDebugAssets
[14:41:51]: â–¸ > Task :capacitor-android:javaPreCompileDebug
[14:41:51]: â–¸ > Task :capacitor-cordova-android-plugins:javaPreCompileDebug
[14:41:51]: â–¸ > Task :app:desugarDebugFileDependencies
[14:41:51]: â–¸ > Task :app:javaPreCompileDebug
[14:41:51]: â–¸ > Task :capacitor-cordova-android-plugins:parseDebugLocalResources
[14:41:51]: â–¸ > Task :capacitor-cordova-android-plugins:writeDebugAarMetadata
[14:41:51]: â–¸ > Task :capacitor-android:writeDebugAarMetadata
[14:41:51]: â–¸ > Task :capacitor-android:parseDebugLocalResources
[14:41:51]: â–¸ > Task :app:packageDebugResources
[14:41:51]: â–¸ > Task :capacitor-cordova-android-plugins:generateDebugRFile
[14:41:51]: â–¸ > Task :capacitor-android:generateDebugRFile
[14:41:51]: â–¸ > Task :app:checkDebugAarMetadata
[14:41:58]: â–¸ > Task :capacitor-android:compileDebugJavaWithJavac
[14:41:58]: â–¸ Note: Some input files use unchecked or unsafe operations.
[14:41:58]: â–¸ Note: Recompile with -Xlint:unchecked for details.
[14:42:19]: â–¸ > Task :capacitor-cordova-android-plugins:compileDebugJavaWithJavac NO-SOURCE
[14:42:19]: â–¸ > Task :capacitor-cordova-android-plugins:bundleLibRuntimeToJarDebug
[14:42:19]: â–¸ > Task :capacitor-android:bundleLibRuntimeToJarDebug
[14:42:19]: â–¸ > Task :app:parseDebugLocalResources
[14:42:19]: â–¸ > Task :capacitor-android:bundleLibCompileToJarDebug
[14:42:20]: â–¸ > Task :capacitor-cordova-android-plugins:bundleLibCompileToJarDebug
[14:42:20]: â–¸ > Task :app:processDebugJavaRes NO-SOURCE
[14:42:20]: â–¸ > Task :capacitor-android:processDebugJavaRes NO-SOURCE
[14:42:20]: â–¸ > Task :capacitor-cordova-android-plugins:processDebugJavaRes NO-SOURCE
[14:42:21]: â–¸ > Task :app:mergeDebugJavaResource
[14:42:21]: â–¸ > Task :capacitor-cordova-android-plugins:bundleLibRuntimeToDirDebug
[14:42:21]: â–¸ > Task :app:checkDebugDuplicateClasses
[14:42:21]: â–¸ > Task :app:mergeDebugJniLibFolders
[14:42:21]: â–¸ > Task :capacitor-android:bundleLibRuntimeToDirDebug
[14:42:40]: â–¸ > Task :app:processDebugManifestForPackage
[14:42:40]: â–¸ > Task :capacitor-android:mergeDebugJniLibFolders
[14:42:40]: â–¸ > Task :capacitor-android:mergeDebugNativeLibs NO-SOURCE
[14:42:40]: â–¸ > Task :capacitor-cordova-android-plugins:mergeDebugJniLibFolders
[14:42:40]: â–¸ > Task :app:mergeLibDexDebug
[14:42:40]: â–¸ > Task :capacitor-android:copyDebugJniLibsProjectOnly
[14:42:40]: â–¸ > Task :capacitor-cordova-android-plugins:mergeDebugNativeLibs NO-SOURCE
[14:42:40]: â–¸ > Task :capacitor-cordova-android-plugins:copyDebugJniLibsProjectOnly
[14:42:40]: â–¸ > Task :app:writeDebugAppMetadata
[14:42:41]: â–¸ > Task :app:mergeDebugNativeLibs NO-SOURCE
[14:42:41]: â–¸ > Task :app:stripDebugDebugSymbols NO-SOURCE
[14:42:41]: â–¸ > Task :app:parseDebugIntegrityConfig
[14:42:41]: â–¸ > Task :app:processDebugResources
[14:42:41]: â–¸ > Task :app:compileDebugJavaWithJavac
[14:42:41]: â–¸ > Task :app:dexBuilderDebug
[14:42:42]: â–¸ > Task :app:mergeDebugGlobalSynthetics
[14:42:42]: â–¸ > Task :app:mergeProjectDexDebug
[14:42:43]: â–¸ > Task :app:mergeExtDexDebug
[14:42:43]: â–¸ > Task :app:buildDebugPreBundle
[14:42:44]: â–¸ > Task :app:packageDebugBundle
[14:42:44]: â–¸ > Task :app:signDebugBundle
[14:42:44]: â–¸ > Task :app:produceDebugBundleIdeListingFile
[14:42:44]: â–¸ > Task :app:createDebugBundleListingFileRedirect
[14:42:44]: â–¸ > Task :app:bundleDebug
[14:42:44]: â–¸ Deprecated Gradle features were used in this build, making it incompatible with Gradle 9.0.
[14:42:44]: â–¸ You can use '--warning-mode all' to show the individual deprecation warnings and determine if they come from your own scripts or plugins.
[14:42:44]: â–¸ For more on this, please refer to https://docs.gradle.org/8.4/userguide/command_line_interface.html#sec:command_line_warnings in the Gradle documentation.
[14:42:44]: â–¸ BUILD SUCCESSFUL in 3m 12s
[14:42:44]: â–¸ 67 actionable tasks: 67 executed
[14:42:45]: ---------------------------
[14:42:45]: --- Step: assembledebug ---
[14:42:45]: ---------------------------
[14:42:46]: â–¸ > Configure project :app
[14:42:46]: â–¸ WARNING: Using flatDir should be avoided because it doesn't support any meta-data formats.
[14:42:46]: â–¸ > Configure project :capacitor-cordova-android-plugins
[14:42:46]: â–¸ WARNING: Using flatDir should be avoided because it doesn't support any meta-data formats.
[14:42:47]: â–¸ WARNING: We recommend using a newer Android Gradle plugin to use compileSdk = 35
[14:42:47]: â–¸ This Android Gradle plugin (8.1.4) was tested up to compileSdk = 34.
[14:42:47]: â–¸ You are strongly encouraged to update your project to use a newer
[14:42:47]: â–¸ Android Gradle plugin that has been tested with compileSdk = 35.
[14:42:47]: â–¸ If you are already using the latest version of the Android Gradle plugin,
[14:42:47]: â–¸ you may need to wait until a newer version with support for compileSdk = 35 is available.
[14:42:47]: â–¸ To suppress this warning, add/update
[14:42:47]: â–¸ android.suppressUnsupportedCompileSdk=35
[14:42:47]: â–¸ to this project's gradle.properties.
[14:42:47]: â–¸ > Task :app:preBuild UP-TO-DATE
[14:42:47]: â–¸ > Task :app:preDebugBuild UP-TO-DATE
[14:42:47]: â–¸ > Task :app:mergeDebugNativeDebugMetadata NO-SOURCE
[14:42:47]: â–¸ > Task :app:javaPreCompileDebug UP-TO-DATE
[14:42:47]: â–¸ > Task :capacitor-android:preBuild UP-TO-DATE
[14:42:47]: â–¸ > Task :capacitor-android:preDebugBuild UP-TO-DATE
[14:42:47]: â–¸ > Task :capacitor-android:writeDebugAarMetadata UP-TO-DATE
[14:42:47]: â–¸ > Task :capacitor-cordova-android-plugins:preBuild UP-TO-DATE
[14:42:47]: â–¸ > Task :capacitor-cordova-android-plugins:preDebugBuild UP-TO-DATE
[14:42:47]: â–¸ > Task :capacitor-cordova-android-plugins:writeDebugAarMetadata UP-TO-DATE
[14:42:48]: â–¸ > Task :app:checkDebugAarMetadata UP-TO-DATE
[14:42:48]: â–¸ > Task :app:generateDebugResValues UP-TO-DATE
[14:42:48]: â–¸ > Task :capacitor-android:generateDebugResValues UP-TO-DATE
[14:42:48]: â–¸ > Task :capacitor-android:generateDebugResources UP-TO-DATE
[14:42:48]: â–¸ > Task :capacitor-android:packageDebugResources UP-TO-DATE
[14:42:48]: â–¸ > Task :capacitor-cordova-android-plugins:generateDebugResValues UP-TO-DATE
[14:42:48]: â–¸ > Task :capacitor-cordova-android-plugins:generateDebugResources UP-TO-DATE
[14:42:48]: â–¸ > Task :capacitor-cordova-android-plugins:packageDebugResources UP-TO-DATE
[14:42:48]: â–¸ > Task :app:mapDebugSourceSetPaths UP-TO-DATE
[14:42:48]: â–¸ > Task :app:generateDebugResources UP-TO-DATE
[14:42:48]: â–¸ > Task :app:mergeDebugResources UP-TO-DATE
[14:42:48]: â–¸ > Task :app:packageDebugResources UP-TO-DATE
[14:42:48]: â–¸ > Task :app:parseDebugLocalResources UP-TO-DATE
[14:42:48]: â–¸ > Task :app:createDebugCompatibleScreenManifests UP-TO-DATE
[14:42:48]: â–¸ > Task :app:extractDeepLinksDebug UP-TO-DATE
[14:42:48]: â–¸ > Task :capacitor-android:extractDeepLinksDebug UP-TO-DATE
[14:42:48]: â–¸ > Task :capacitor-android:processDebugManifest UP-TO-DATE
[14:42:48]: â–¸ > Task :capacitor-cordova-android-plugins:extractDeepLinksDebug UP-TO-DATE
[14:42:48]: â–¸ > Task :capacitor-cordova-android-plugins:processDebugManifest UP-TO-DATE
[14:42:48]: â–¸ > Task :app:processDebugMainManifest UP-TO-DATE
[14:42:48]: â–¸ > Task :app:processDebugManifest UP-TO-DATE
[14:42:48]: â–¸ > Task :app:processDebugManifestForPackage UP-TO-DATE
[14:42:48]: â–¸ > Task :capacitor-android:compileDebugLibraryResources UP-TO-DATE
[14:42:48]: â–¸ > Task :capacitor-android:parseDebugLocalResources UP-TO-DATE
[14:42:48]: â–¸ > Task :capacitor-android:generateDebugRFile UP-TO-DATE
[14:42:48]: â–¸ > Task :capacitor-cordova-android-plugins:compileDebugLibraryResources UP-TO-DATE
[14:42:48]: â–¸ > Task :capacitor-cordova-android-plugins:parseDebugLocalResources UP-TO-DATE
[14:42:48]: â–¸ > Task :capacitor-cordova-android-plugins:generateDebugRFile UP-TO-DATE
[14:42:48]: â–¸ > Task :app:processDebugResources UP-TO-DATE
[14:42:48]: â–¸ > Task :capacitor-android:javaPreCompileDebug UP-TO-DATE
[14:42:48]: â–¸ > Task :capacitor-android:compileDebugJavaWithJavac UP-TO-DATE
[14:42:48]: â–¸ > Task :capacitor-android:bundleLibCompileToJarDebug UP-TO-DATE
[14:42:48]: â–¸ > Task :capacitor-cordova-android-plugins:javaPreCompileDebug UP-TO-DATE
[14:42:48]: â–¸ > Task :capacitor-cordova-android-plugins:compileDebugJavaWithJavac NO-SOURCE
[14:42:48]: â–¸ > Task :capacitor-cordova-android-plugins:bundleLibCompileToJarDebug UP-TO-DATE
[14:42:48]: â–¸ > Task :app:compileDebugJavaWithJavac UP-TO-DATE
[14:42:48]: â–¸ > Task :app:mergeDebugShaders UP-TO-DATE
[14:42:48]: â–¸ > Task :app:compileDebugShaders NO-SOURCE
[14:42:48]: â–¸ > Task :app:generateDebugAssets UP-TO-DATE
[14:42:48]: â–¸ > Task :capacitor-android:mergeDebugShaders UP-TO-DATE
[14:42:48]: â–¸ > Task :capacitor-android:compileDebugShaders NO-SOURCE
[14:42:48]: â–¸ > Task :capacitor-android:generateDebugAssets UP-TO-DATE
[14:42:48]: â–¸ > Task :capacitor-android:packageDebugAssets UP-TO-DATE
[14:42:48]: â–¸ > Task :capacitor-cordova-android-plugins:mergeDebugShaders UP-TO-DATE
[14:42:48]: â–¸ > Task :capacitor-cordova-android-plugins:compileDebugShaders NO-SOURCE
[14:42:48]: â–¸ > Task :capacitor-cordova-android-plugins:generateDebugAssets UP-TO-DATE
[14:42:48]: â–¸ > Task :capacitor-cordova-android-plugins:packageDebugAssets UP-TO-DATE
[14:42:48]: â–¸ > Task :app:mergeDebugAssets UP-TO-DATE
[14:42:48]: â–¸ > Task :capacitor-android:bundleLibRuntimeToJarDebug UP-TO-DATE
[14:42:48]: â–¸ > Task :capacitor-cordova-android-plugins:bundleLibRuntimeToJarDebug UP-TO-DATE
[14:42:48]: â–¸ > Task :app:desugarDebugFileDependencies UP-TO-DATE
[14:42:48]: â–¸ > Task :app:dexBuilderDebug UP-TO-DATE
[14:42:48]: â–¸ > Task :app:mergeDebugGlobalSynthetics UP-TO-DATE
[14:42:48]: â–¸ > Task :app:processDebugJavaRes NO-SOURCE
[14:42:48]: â–¸ > Task :capacitor-android:processDebugJavaRes NO-SOURCE
[14:42:48]: â–¸ > Task :capacitor-cordova-android-plugins:processDebugJavaRes NO-SOURCE
[14:42:48]: â–¸ > Task :app:compressDebugAssets
[14:42:48]: â–¸ > Task :app:mergeDebugJavaResource UP-TO-DATE
[14:42:48]: â–¸ > Task :app:checkDebugDuplicateClasses UP-TO-DATE
[14:42:48]: â–¸ > Task :app:mergeExtDexDebug UP-TO-DATE
[14:42:48]: â–¸ > Task :capacitor-android:bundleLibRuntimeToDirDebug UP-TO-DATE
[14:42:48]: â–¸ > Task :capacitor-cordova-android-plugins:bundleLibRuntimeToDirDebug UP-TO-DATE
[14:42:48]: â–¸ > Task :app:mergeProjectDexDebug UP-TO-DATE
[14:42:48]: â–¸ > Task :app:mergeLibDexDebug UP-TO-DATE
[14:42:48]: â–¸ > Task :app:mergeDebugJniLibFolders UP-TO-DATE
[14:42:48]: â–¸ > Task :capacitor-android:mergeDebugJniLibFolders UP-TO-DATE
[14:42:48]: â–¸ > Task :capacitor-android:mergeDebugNativeLibs NO-SOURCE
[14:42:48]: â–¸ > Task :capacitor-android:copyDebugJniLibsProjectOnly UP-TO-DATE
[14:42:48]: â–¸ > Task :capacitor-cordova-android-plugins:mergeDebugJniLibFolders UP-TO-DATE
[14:42:48]: â–¸ > Task :capacitor-cordova-android-plugins:mergeDebugNativeLibs NO-SOURCE
[14:42:48]: â–¸ > Task :capacitor-cordova-android-plugins:copyDebugJniLibsProjectOnly UP-TO-DATE
[14:42:48]: â–¸ > Task :app:mergeDebugNativeLibs NO-SOURCE
[14:42:48]: â–¸ > Task :app:stripDebugDebugSymbols NO-SOURCE
[14:42:49]: â–¸ > Task :app:validateSigningDebug
[14:42:49]: â–¸ > Task :app:writeDebugAppMetadata UP-TO-DATE
[14:42:49]: â–¸ > Task :app:writeDebugSigningConfigVersions
[14:42:49]: â–¸ > Task :capacitor-android:stripDebugDebugSymbols NO-SOURCE
[14:42:49]: â–¸ > Task :capacitor-android:copyDebugJniLibsProjectAndLocalJars
[14:42:55]: â–¸ > Task :capacitor-android:extractDebugAnnotations
[14:42:55]: â–¸ > Task :capacitor-android:extractDeepLinksForAarDebug
[14:42:55]: â–¸ > Task :capacitor-android:mergeDebugGeneratedProguardFiles
[14:42:55]: â–¸ > Task :capacitor-android:mergeDebugConsumerProguardFiles
[14:42:55]: â–¸ > Task :capacitor-android:prepareDebugArtProfile
[14:42:55]: â–¸ > Task :capacitor-android:prepareLintJarForPublish
[14:42:55]: â–¸ > Task :capacitor-app:preBuild UP-TO-DATE
[14:42:55]: â–¸ > Task :capacitor-app:preDebugBuild UP-TO-DATE
[14:42:55]: â–¸ > Task :capacitor-android:mergeDebugJavaResource
[14:42:55]: â–¸ > Task :capacitor-app:mergeDebugJniLibFolders
[14:42:55]: â–¸ > Task :capacitor-android:syncDebugLibJars
[14:42:55]: â–¸ > Task :capacitor-android:bundleDebugAar
[14:42:55]: â–¸ > Task :capacitor-android:assembleDebug
[14:42:55]: â–¸ > Task :capacitor-app:mergeDebugNativeLibs NO-SOURCE
[14:42:55]: â–¸ > Task :capacitor-app:stripDebugDebugSymbols NO-SOURCE
[14:42:55]: â–¸ > Task :capacitor-app:copyDebugJniLibsProjectAndLocalJars
[14:42:55]: â–¸ > Task :capacitor-app:generateDebugResValues
[14:42:55]: â–¸ > Task :capacitor-app:generateDebugResources
[14:42:55]: â–¸ > Task :capacitor-app:packageDebugResources
[14:42:55]: â–¸ > Task :capacitor-app:parseDebugLocalResources
[14:42:55]: â–¸ > Task :capacitor-app:extractDeepLinksForAarDebug
[14:42:55]: â–¸ > Task :capacitor-app:processDebugManifest
[14:42:55]: â–¸ > Task :capacitor-app:javaPreCompileDebug
[14:42:55]: â–¸ > Task :app:packageDebug
[14:42:55]: â–¸ > Task :app:createDebugApkListingFileRedirect
[14:42:55]: â–¸ > Task :app:assembleDebug
[14:42:55]: â–¸ > Task :capacitor-app:mergeDebugShaders
[14:42:55]: â–¸ > Task :capacitor-app:generateDebugRFile
[14:42:55]: â–¸ > Task :capacitor-app:compileDebugShaders NO-SOURCE
[14:42:55]: â–¸ > Task :capacitor-app:extractDebugAnnotations
[14:42:56]: â–¸ > Task :capacitor-app:compileDebugJavaWithJavac
[14:42:56]: â–¸ > Task :capacitor-app:mergeDebugGeneratedProguardFiles
[14:42:56]: â–¸ > Task :capacitor-app:mergeDebugConsumerProguardFiles
[14:42:56]: â–¸ > Task :capacitor-app:generateDebugAssets UP-TO-DATE
[14:42:56]: â–¸ > Task :capacitor-app:packageDebugAssets
[14:42:56]: â–¸ > Task :capacitor-app:prepareDebugArtProfile
[14:42:56]: â–¸ > Task :capacitor-app:prepareLintJarForPublish
[14:42:56]: â–¸ > Task :capacitor-app:processDebugJavaRes NO-SOURCE
[14:42:56]: â–¸ > Task :capacitor-app:mergeDebugJavaResource
[14:42:56]: â–¸ > Task :capacitor-app:writeDebugAarMetadata
[14:42:56]: â–¸ > Task :capacitor-app:syncDebugLibJars
[14:42:56]: â–¸ > Task :capacitor-app:bundleDebugAar
[14:42:56]: â–¸ > Task :capacitor-app:assembleDebug
[14:42:56]: â–¸ > Task :capacitor-browser:preBuild UP-TO-DATE
[14:42:56]: â–¸ > Task :capacitor-browser:preDebugBuild UP-TO-DATE
[14:42:56]: â–¸ > Task :capacitor-browser:mergeDebugJniLibFolders
[14:42:56]: â–¸ > Task :capacitor-browser:mergeDebugNativeLibs NO-SOURCE
[14:42:56]: â–¸ > Task :capacitor-browser:stripDebugDebugSymbols NO-SOURCE
[14:42:56]: â–¸ > Task :capacitor-browser:copyDebugJniLibsProjectAndLocalJars
[14:42:56]: â–¸ > Task :capacitor-browser:generateDebugResValues
[14:42:56]: â–¸ > Task :capacitor-browser:generateDebugResources
[14:42:56]: â–¸ > Task :capacitor-browser:packageDebugResources
[14:42:56]: â–¸ > Task :capacitor-browser:parseDebugLocalResources
[14:42:56]: â–¸ > Task :capacitor-browser:extractDeepLinksForAarDebug
[14:42:56]: â–¸ > Task :capacitor-browser:javaPreCompileDebug
[14:42:56]: â–¸ > Task :capacitor-browser:processDebugManifest
[14:42:56]: â–¸ > Task :capacitor-browser:mergeDebugShaders
[14:42:56]: â–¸ > Task :capacitor-browser:compileDebugShaders NO-SOURCE
[14:42:56]: â–¸ > Task :capacitor-browser:generateDebugAssets UP-TO-DATE
[14:42:56]: â–¸ > Task :capacitor-browser:packageDebugAssets
[14:42:56]: â–¸ > Task :capacitor-browser:generateDebugRFile
[14:42:58]: â–¸ > Task :capacitor-browser:extractDebugAnnotations
[14:42:58]: â–¸ > Task :capacitor-browser:compileDebugJavaWithJavac
[14:42:58]: â–¸ > Task :capacitor-browser:mergeDebugGeneratedProguardFiles
[14:42:58]: â–¸ > Task :capacitor-browser:mergeDebugConsumerProguardFiles
[14:42:58]: â–¸ > Task :capacitor-browser:prepareDebugArtProfile
[14:42:58]: â–¸ > Task :capacitor-browser:prepareLintJarForPublish
[14:42:58]: â–¸ > Task :capacitor-browser:processDebugJavaRes NO-SOURCE
[14:42:59]: â–¸ > Task :capacitor-browser:mergeDebugJavaResource
[14:42:59]: â–¸ > Task :capacitor-browser:writeDebugAarMetadata
[14:42:59]: â–¸ > Task :capacitor-browser:syncDebugLibJars
[14:42:59]: â–¸ > Task :capacitor-browser:bundleDebugAar
[14:42:59]: â–¸ > Task :capacitor-browser:assembleDebug
[14:42:59]: â–¸ > Task :capacitor-cordova-android-plugins:stripDebugDebugSymbols NO-SOURCE
[14:42:59]: â–¸ > Task :capacitor-cordova-android-plugins:copyDebugJniLibsProjectAndLocalJars
[14:43:04]: â–¸ > Task :capacitor-cordova-android-plugins:extractDebugAnnotations
[14:43:04]: â–¸ > Task :capacitor-cordova-android-plugins:extractDeepLinksForAarDebug
[14:43:04]: â–¸ > Task :capacitor-cordova-android-plugins:mergeDebugGeneratedProguardFiles
[14:43:04]: â–¸ > Task :capacitor-cordova-android-plugins:mergeDebugConsumerProguardFiles
[14:43:04]: â–¸ > Task :capacitor-cordova-android-plugins:prepareDebugArtProfile
[14:43:04]: â–¸ > Task :capacitor-cordova-android-plugins:prepareLintJarForPublish
[14:43:04]: â–¸ > Task :capacitor-filesystem:preBuild UP-TO-DATE
[14:43:04]: â–¸ > Task :capacitor-cordova-android-plugins:mergeDebugJavaResource
[14:43:04]: â–¸ > Task :capacitor-filesystem:preDebugBuild UP-TO-DATE
[14:43:04]: â–¸ > Task :capacitor-cordova-android-plugins:syncDebugLibJars
[14:43:04]: â–¸ > Task :capacitor-cordova-android-plugins:bundleDebugAar
[14:43:04]: â–¸ > Task :capacitor-cordova-android-plugins:assembleDebug
[14:43:04]: â–¸ > Task :capacitor-filesystem:mergeDebugJniLibFolders
[14:43:04]: â–¸ > Task :capacitor-filesystem:mergeDebugNativeLibs NO-SOURCE
[14:43:04]: â–¸ > Task :capacitor-filesystem:stripDebugDebugSymbols NO-SOURCE
[14:43:04]: â–¸ > Task :capacitor-filesystem:copyDebugJniLibsProjectAndLocalJars
[14:43:04]: â–¸ > Task :capacitor-filesystem:checkKotlinGradlePluginConfigurationErrors
[14:43:04]: â–¸ > Task :capacitor-filesystem:generateDebugResValues
[14:43:04]: â–¸ > Task :capacitor-filesystem:generateDebugResources
[14:43:04]: â–¸ > Task :capacitor-filesystem:packageDebugResources
[14:43:04]: â–¸ > Task :capacitor-filesystem:parseDebugLocalResources
[14:43:04]: â–¸ > Task :capacitor-filesystem:extractDeepLinksForAarDebug
[14:43:04]: â–¸ > Task :capacitor-filesystem:javaPreCompileDebug
[14:43:04]: â–¸ > Task :capacitor-filesystem:processDebugManifest
[14:43:04]: â–¸ > Task :capacitor-filesystem:mergeDebugShaders
[14:43:04]: â–¸ > Task :capacitor-filesystem:compileDebugShaders NO-SOURCE
[14:43:04]: â–¸ > Task :capacitor-filesystem:generateDebugAssets UP-TO-DATE
[14:43:04]: â–¸ > Task :capacitor-filesystem:packageDebugAssets
[14:43:04]: â–¸ > Task :capacitor-filesystem:generateDebugRFile
[14:43:04]: â–¸ > Task :capacitor-filesystem:prepareDebugArtProfile
[14:43:13]: â–¸ > Task :capacitor-filesystem:compileDebugKotlin FAILED
[14:43:13]: â–¸ FAILURE: Build failed with an exception.
[14:43:13]: â–¸ * What went wrong:
[14:43:13]: â–¸ Execution failed for task ':capacitor-filesystem:compileDebugKotlin'.
[14:43:13]: â–¸ > Inconsistent JVM-target compatibility detected for tasks 'compileDebugJavaWithJavac' (17) and 'compileDebugKotlin' (21).
[14:43:13]: â–¸ Consider using JVM Toolchain: https://kotl.in/gradle/jvm/toolchain
[14:43:13]: â–¸ Learn more about JVM-target validation: https://kotl.in/gradle/jvm/target-validation
[14:43:13]: â–¸ * Try:
[14:43:13]: â–¸ > Run with --stacktrace option to get the stack trace.
[14:43:13]: â–¸ > Run with --info or --debug option to get more log output.
[14:43:13]: â–¸ > Run with --scan to get full insights.
[14:43:13]: â–¸ > Get more help at https://help.gradle.org.
[14:43:13]: â–¸ BUILD FAILED in 27s
[14:43:13]: â–¸ 140 actionable tasks: 81 executed, 59 up-to-date
[14:43:13]: -------------------------
[14:43:13]: --- Step: upload_logs ---
[14:43:13]: -------------------------
[14:43:17]: --------------------------------------
[14:43:17]: --- Step: sentry_capture_exception ---
[14:43:17]: --------------------------------------
+----------------------------------------------------------------------------------------------------------------------------------------------+
|                                                                 Lane Context                                                                 |
+-------------------------------------+--------------------------------------------------------------------------------------------------------+
| DEFAULT_PLATFORM                    | ios                                                                                                    |
| PLATFORM_NAME                       | android                                                                                                |
| LANE_NAME                           | android build_capacitor                                                                                |
| IONIC_CLI_VERSION                   | 7.2.0                                                                                                  |
| NODE_PACKAGE_MANAGER                | npm                                                                                                    |
| CAP_IOS_PATH                        | /builds/jichangyoon/samu-capacitor-simplified/ios                                                      |
| PROJECT_WEB_DIR                     | dist/public                                                                                            |
| GRADLE_BUILD_TYPE                   | debug                                                                                                  |
| GRADLE_ALL_APK_OUTPUT_PATHS         | []                                                                                                     |
| GRADLE_ALL_AAB_OUTPUT_PATHS         | ["/builds/jichangyoon/samu-capacitor-simplified/android/app/build/outputs/bundle/debug/app-debug.aab"] |
| GRADLE_ALL_OUTPUT_JSON_OUTPUT_PATHS | []                                                                                                     |
| GRADLE_ALL_MAPPING_TXT_OUTPUT_PATHS | []                                                                                                     |
| GRADLE_AAB_OUTPUT_PATH              | /builds/jichangyoon/samu-capacitor-simplified/android/app/build/outputs/bundle/debug/app-debug.aab     |
+-------------------------------------+--------------------------------------------------------------------------------------------------------+
[14:43:18]: Shell command exited with exit status 1 instead of 0.

> Configure project :app
WARNING: Using flatDir should be avoided because it doesn't support any meta-data formats.

> Configure project :capacitor-cordova-android-plugins
WARNING: Using flatDir should be avoided because it doesn't support any meta-data formats.
WARNING: We recommend using a newer Android Gradle plugin to use compileSdk = 35

This Android Gradle plugin (8.1.4) was tested up to compileSdk = 34.

You are strongly encouraged to update your project to use a newer
Android Gradle plugin that has been tested with compileSdk = 35.

If you are already using the latest version of the Android Gradle plugin,
you may need to wait until a newer version with support for compileSdk = 35 is available.

To suppress this warning, add/update
    android.suppressUnsupportedCompileSdk=35
to this project's gradle.properties.

> Task :app:preBuild UP-TO-DATE
> Task :app:preDebugBuild UP-TO-DATE
> Task :app:mergeDebugNativeDebugMetadata NO-SOURCE
> Task :app:javaPreCompileDebug UP-TO-DATE
> Task :capacitor-android:preBuild UP-TO-DATE
> Task :capacitor-android:preDebugBuild UP-TO-DATE
> Task :capacitor-android:writeDebugAarMetadata UP-TO-DATE
> Task :capacitor-cordova-android-plugins:preBuild UP-TO-DATE
> Task :capacitor-cordova-android-plugins:preDebugBuild UP-TO-DATE
> Task :capacitor-cordova-android-plugins:writeDebugAarMetadata UP-TO-DATE
> Task :app:checkDebugAarMetadata UP-TO-DATE
> Task :app:generateDebugResValues UP-TO-DATE
> Task :capacitor-android:generateDebugResValues UP-TO-DATE
> Task :capacitor-android:generateDebugResources UP-TO-DATE
> Task :capacitor-android:packageDebugResources UP-TO-DATE
> Task :capacitor-cordova-android-plugins:generateDebugResValues UP-TO-DATE
> Task :capacitor-cordova-android-plugins:generateDebugResources UP-TO-DATE
> Task :capacitor-cordova-android-plugins:packageDebugResources UP-TO-DATE
> Task :app:mapDebugSourceSetPaths UP-TO-DATE
> Task :app:generateDebugResources UP-TO-DATE
> Task :app:mergeDebugResources UP-TO-DATE
> Task :app:packageDebugResources UP-TO-DATE
> Task :app:parseDebugLocalResources UP-TO-DATE
> Task :app:createDebugCompatibleScreenManifests UP-TO-DATE
> Task :app:extractDeepLinksDebug UP-TO-DATE
> Task :capacitor-android:extractDeepLinksDebug UP-TO-DATE
> Task :capacitor-android:processDebugManifest UP-TO-DATE
> Task :capacitor-cordova-android-plugins:extractDeepLinksDebug UP-TO-DATE
> Task :capacitor-cordova-android-plugins:processDebugManifest UP-TO-DATE
> Task :app:processDebugMainManifest UP-TO-DATE
> Task :app:processDebugManifest UP-TO-DATE
> Task :app:processDebugManifestForPackage UP-TO-DATE
> Task :capacitor-android:compileDebugLibraryResources UP-TO-DATE
> Task :capacitor-android:parseDebugLocalResources UP-TO-DATE
> Task :capacitor-android:generateDebugRFile UP-TO-DATE
> Task :capacitor-cordova-android-plugins:compileDebugLibraryResources UP-TO-DATE
> Task :capacitor-cordova-android-plugins:parseDebugLocalResources UP-TO-DATE
> Task :capacitor-cordova-android-plugins:generateDebugRFile UP-TO-DATE
> Task :app:processDebugResources UP-TO-DATE
> Task :capacitor-android:javaPreCompileDebug UP-TO-DATE
> Task :capacitor-android:compileDebugJavaWithJavac UP-TO-DATE
> Task :capacitor-android:bundleLibCompileToJarDebug UP-TO-DATE
> Task :capacitor-cordova-android-plugins:javaPreCompileDebug UP-TO-DATE
> Task :capacitor-cordova-android-plugins:compileDebugJavaWithJavac NO-SOURCE
> Task :capacitor-cordova-android-plugins:bundleLibCompileToJarDebug UP-TO-DATE
> Task :app:compileDebugJavaWithJavac UP-TO-DATE
> Task :app:mergeDebugShaders UP-TO-DATE
> Task :app:compileDebugShaders NO-SOURCE
> Task :app:generateDebugAssets UP-TO-DATE
> Task :capacitor-android:mergeDebugShaders UP-TO-DATE
> Task :capacitor-android:compileDebugShaders NO-SOURCE
> Task :capacitor-android:generateDebugAssets UP-TO-DATE
> Task :capacitor-android:packageDebugAssets UP-TO-DATE
> Task :capacitor-cordova-android-plugins:mergeDebugShaders UP-TO-DATE
> Task :capacitor-cordova-android-plugins:compileDebugShaders NO-SOURCE
> Task :capacitor-cordova-android-plugins:generateDebugAssets UP-TO-DATE
> Task :capacitor-cordova-android-plugins:packageDebugAssets UP-TO-DATE
> Task :app:mergeDebugAssets UP-TO-DATE
> Task :capacitor-android:bundleLibRuntimeToJarDebug UP-TO-DATE
> Task :capacitor-cordova-android-plugins:bundleLibRuntimeToJarDebug UP-TO-DATE
> Task :app:desugarDebugFileDependencies UP-TO-DATE
> Task :app:dexBuilderDebug UP-TO-DATE
> Task :app:mergeDebugGlobalSynthetics UP-TO-DATE
> Task :app:processDebugJavaRes NO-SOURCE
> Task :capacitor-android:processDebugJavaRes NO-SOURCE
> Task :capacitor-cordova-android-plugins:processDebugJavaRes NO-SOURCE
> Task :app:compressDebugAssets
> Task :app:mergeDebugJavaResource UP-TO-DATE
> Task :app:checkDebugDuplicateClasses UP-TO-DATE
> Task :app:mergeExtDexDebug UP-TO-DATE
> Task :capacitor-android:bundleLibRuntimeToDirDebug UP-TO-DATE
> Task :capacitor-cordova-android-plugins:bundleLibRuntimeToDirDebug UP-TO-DATE
> Task :app:mergeProjectDexDebug UP-TO-DATE
> Task :app:mergeLibDexDebug UP-TO-DATE
> Task :app:mergeDebugJniLibFolders UP-TO-DATE
> Task :capacitor-android:mergeDebugJniLibFolders UP-TO-DATE
> Task :capacitor-android:mergeDebugNativeLibs NO-SOURCE
> Task :capacitor-android:copyDebugJniLibsProjectOnly UP-TO-DATE
> Task :capacitor-cordova-android-plugins:mergeDebugJniLibFolders UP-TO-DATE
> Task :capacitor-cordova-android-plugins:mergeDebugNativeLibs NO-SOURCE
> Task :capacitor-cordova-android-plugins:copyDebugJniLibsProjectOnly UP-TO-DATE
> Task :app:mergeDebugNativeLibs NO-SOURCE
> Task :app:stripDebugDebugSymbols NO-SOURCE
> Task :app:validateSigningDebug
> Task :app:writeDebugAppMetadata UP-TO-DATE
> Task :app:writeDebugSigningConfigVersions
> Task :capacitor-android:stripDebugDebugSymbols NO-SOURCE
> Task :capacitor-android:copyDebugJniLibsProjectAndLocalJars
> Task :capacitor-android:extractDebugAnnotations
> Task :capacitor-android:extractDeepLinksForAarDebug
> Task :capacitor-android:mergeDebugGeneratedProguardFiles
> Task :capacitor-android:mergeDebugConsumerProguardFiles
> Task :capacitor-android:prepareDebugArtProfile
> Task :capacitor-android:prepareLintJarForPublish
> Task :capacitor-app:preBuild UP-TO-DATE
> Task :capacitor-app:preDebugBuild UP-TO-DATE
> Task :capacitor-android:mergeDebugJavaResource
> Task :capacitor-app:mergeDebugJniLibFolders
> Task :capacitor-android:syncDebugLibJars
> Task :capacitor-android:bundleDebugAar
> Task :capacitor-android:assembleDebug
> Task :capacitor-app:mergeDebugNativeLibs NO-SOURCE
> Task :capacitor-app:stripDebugDebugSymbols NO-SOURCE
> Task :capacitor-app:copyDebugJniLibsProjectAndLocalJars
> Task :capacitor-app:generateDebugResValues
> Task :capacitor-app:generateDebugResources
> Task :capacitor-app:packageDebugResources
> Task :capacitor-app:parseDebugLocalResources
> Task :capacitor-app:extractDeepLinksForAarDebug
> Task :capacitor-app:processDebugManifest
> Task :capacitor-app:javaPreCompileDebug
> Task :app:packageDebug
> Task :app:createDebugApkListingFileRedirect
> Task :app:assembleDebug
> Task :capacitor-app:mergeDebugShaders
> Task :capacitor-app:generateDebugRFile
> Task :capacitor-app:compileDebugShaders NO-SOURCE
> Task :capacitor-app:extractDebugAnnotations
> Task :capacitor-app:compileDebugJavaWithJavac
> Task :capacitor-app:mergeDebugGeneratedProguardFiles
> Task :capacitor-app:mergeDebugConsumerProguardFiles
> Task :capacitor-app:generateDebugAssets UP-TO-DATE
> Task :capacitor-app:packageDebugAssets
> Task :capacitor-app:prepareDebugArtProfile
> Task :capacitor-app:prepareLintJarForPublish
> Task :capacitor-app:processDebugJavaRes NO-SOURCE
> Task :capacitor-app:mergeDebugJavaResource
> Task :capacitor-app:writeDebugAarMetadata
> Task :capacitor-app:syncDebugLibJars
> Task :capacitor-app:bundleDebugAar
> Task :capacitor-app:assembleDebug
> Task :capacitor-browser:preBuild UP-TO-DATE
> Task :capacitor-browser:preDebugBuild UP-TO-DATE
> Task :capacitor-browser:mergeDebugJniLibFolders
> Task :capacitor-browser:mergeDebugNativeLibs NO-SOURCE
> Task :capacitor-browser:stripDebugDebugSymbols NO-SOURCE
> Task :capacitor-browser:copyDebugJniLibsProjectAndLocalJars
> Task :capacitor-browser:generateDebugResValues
> Task :capacitor-browser:generateDebugResources
> Task :capacitor-browser:packageDebugResources
> Task :capacitor-browser:parseDebugLocalResources
> Task :capacitor-browser:extractDeepLinksForAarDebug
> Task :capacitor-browser:javaPreCompileDebug
> Task :capacitor-browser:processDebugManifest
> Task :capacitor-browser:mergeDebugShaders
> Task :capacitor-browser:compileDebugShaders NO-SOURCE
> Task :capacitor-browser:generateDebugAssets UP-TO-DATE
> Task :capacitor-browser:packageDebugAssets
> Task :capacitor-browser:generateDebugRFile
> Task :capacitor-browser:extractDebugAnnotations
> Task :capacitor-browser:compileDebugJavaWithJavac
> Task :capacitor-browser:mergeDebugGeneratedProguardFiles
> Task :capacitor-browser:mergeDebugConsumerProguardFiles
> Task :capacitor-browser:prepareDebugArtProfile
> Task :capacitor-browser:prepareLintJarForPublish
> Task :capacitor-browser:processDebugJavaRes NO-SOURCE
> Task :capacitor-browser:mergeDebugJavaResource
> Task :capacitor-browser:writeDebugAarMetadata
> Task :capacitor-browser:syncDebugLibJars
> Task :capacitor-browser:bundleDebugAar
> Task :capacitor-browser:assembleDebug
> Task :capacitor-cordova-android-plugins:stripDebugDebugSymbols NO-SOURCE
> Task :capacitor-cordova-android-plugins:copyDebugJniLibsProjectAndLocalJars
> Task :capacitor-cordova-android-plugins:extractDebugAnnotations
> Task :capacitor-cordova-android-plugins:extractDeepLinksForAarDebug
> Task :capacitor-cordova-android-plugins:mergeDebugGeneratedProguardFiles
> Task :capacitor-cordova-android-plugins:mergeDebugConsumerProguardFiles
> Task :capacitor-cordova-android-plugins:prepareDebugArtProfile
> Task :capacitor-cordova-android-plugins:prepareLintJarForPublish
> Task :capacitor-filesystem:preBuild UP-TO-DATE
> Task :capacitor-cordova-android-plugins:mergeDebugJavaResource
> Task :capacitor-filesystem:preDebugBuild UP-TO-DATE
> Task :capacitor-cordova-android-plugins:syncDebugLibJars
> Task :capacitor-cordova-android-plugins:bundleDebugAar
> Task :capacitor-cordova-android-plugins:assembleDebug
> Task :capacitor-filesystem:mergeDebugJniLibFolders
> Task :capacitor-filesystem:mergeDebugNativeLibs NO-SOURCE
> Task :capacitor-filesystem:stripDebugDebugSymbols NO-SOURCE
> Task :capacitor-filesystem:copyDebugJniLibsProjectAndLocalJars
> Task :capacitor-filesystem:checkKotlinGradlePluginConfigurationErrors
> Task :capacitor-filesystem:generateDebugResValues
> Task :capacitor-filesystem:generateDebugResources
> Task :capacitor-filesystem:packageDebugResources
> Task :capacitor-filesystem:parseDebugLocalResources
> Task :capacitor-filesystem:extractDeepLinksForAarDebug
> Task :capacitor-filesystem:javaPreCompileDebug
> Task :capacitor-filesystem:processDebugManifest
> Task :capacitor-filesystem:mergeDebugShaders
> Task :capacitor-filesystem:compileDebugShaders NO-SOURCE
> Task :capacitor-filesystem:generateDebugAssets UP-TO-DATE
> Task :capacitor-filesystem:packageDebugAssets
> Task :capacitor-filesystem:generateDebugRFile
> Task :capacitor-filesystem:prepareDebugArtProfile
> Task :capacitor-filesystem:compileDebugKotlin FAILED

FAILURE: Build failed with an exception.

* What went wrong:
Execution failed for task ':capacitor-filesystem:compileDebugKotlin'.
> Inconsistent JVM-target compatibility detected for tasks 'compileDebugJavaWithJavac' (17) and 'compileDebugKotlin' (21).
  
  Consider using JVM Toolchain: https://kotl.in/gradle/jvm/toolchain
  Learn more about JVM-target validation: https://kotl.in/gradle/jvm/target-validation 

* Try:
> Run with --stacktrace option to get the stack trace.
> Run with --info or --debug option to get more log output.
> Run with --scan to get full insights.
> Get more help at https://help.gradle.org.

BUILD FAILED in 27s
140 actionable tasks: 81 executed, 59 up-to-date


+-----------------------------------------------+
|               fastlane summary                |
+------+--------------------------+-------------+
| Step | Action                   | Time (in s) |
+------+--------------------------+-------------+
| 1    | add_extra_platforms      | 0           |
| 2    | default_platform         | 0           |
| 3    | prepare_environment      | 0           |
| 4    | sentry_init              | 0           |
| 5    | begin_building           | 0           |
| 6    | build_summary            | 1           |
| 7    | set_ionic_cli            | 1           |
| 8    | detect_package_manager   | 0           |
| 9    | add_git_credentials      | 0           |
| 10   | get_appflow_config       | 0           |
| 11   | dependency_install       | 78          |
| 12   | create_capacitor_config  | 0           |
| 13   | get_web_dir              | 0           |
| 14   | modify_cap_web_config    | 0           |
| 15   | set_java_home            | 0           |
| 16   | build_pro_app            | 27          |
| 17   | cap_sync                 | 2           |
| 18   | cap_custom_deploy        | 0           |
| 19   | modify_gradle_config     | 0           |
| 20   | bundledebug              | 193         |
| ðŸ’¥   | assembledebug            | 28          |
| 22   | upload_logs              | 4           |
| 23   | sentry_capture_exception | 0           |
+------+--------------------------+-------------+

[14:43:18]: fastlane finished with errors
/usr/local/bundle/bin/fastlane: [!] Shell command exited with exit status 1 instead of 0. (FastlaneCore::Interface::FastlaneShellError)

> Configure project :app
WARNING: Using flatDir should be avoided because it doesn't support any meta-data formats.

> Configure project :capacitor-cordova-android-plugins
WARNING: Using flatDir should be avoided because it doesn't support any meta-data formats.
WARNING: We recommend using a newer Android Gradle plugin to use compileSdk = 35

This Android Gradle plugin (8.1.4) was tested up to compileSdk = 34.

You are strongly encouraged to update your project to use a newer
Android Gradle plugin that has been tested with compileSdk = 35.

If you are already using the latest version of the Android Gradle plugin,
you may need to wait until a newer version with support for compileSdk = 35 is available.

To suppress this warning, add/update
    android.suppressUnsupportedCompileSdk=35
to this project's gradle.properties.

> Task :app:preBuild UP-TO-DATE
> Task :app:preDebugBuild UP-TO-DATE
> Task :app:mergeDebugNativeDebugMetadata NO-SOURCE
> Task :app:javaPreCompileDebug UP-TO-DATE
> Task :capacitor-android:preBuild UP-TO-DATE
> Task :capacitor-android:preDebugBuild UP-TO-DATE
> Task :capacitor-android:writeDebugAarMetadata UP-TO-DATE
> Task :capacitor-cordova-android-plugins:preBuild UP-TO-DATE
> Task :capacitor-cordova-android-plugins:preDebugBuild UP-TO-DATE
> Task :capacitor-cordova-android-plugins:writeDebugAarMetadata UP-TO-DATE
> Task :app:checkDebugAarMetadata UP-TO-DATE
> Task :app:generateDebugResValues UP-TO-DATE
> Task :capacitor-android:generateDebugResValues UP-TO-DATE
> Task :capacitor-android:generateDebugResources UP-TO-DATE
> Task :capacitor-android:packageDebugResources UP-TO-DATE
> Task :capacitor-cordova-android-plugins:generateDebugResValues UP-TO-DATE
> Task :capacitor-cordova-android-plugins:generateDebugResources UP-TO-DATE
> Task :capacitor-cordova-android-plugins:packageDebugResources UP-TO-DATE
> Task :app:mapDebugSourceSetPaths UP-TO-DATE
> Task :app:generateDebugResources UP-TO-DATE
> Task :app:mergeDebugResources UP-TO-DATE
> Task :app:packageDebugResources UP-TO-DATE
> Task :app:parseDebugLocalResources UP-TO-DATE
> Task :app:createDebugCompatibleScreenManifests UP-TO-DATE
> Task :app:extractDeepLinksDebug UP-TO-DATE
> Task :capacitor-android:extractDeepLinksDebug UP-TO-DATE
> Task :capacitor-android:processDebugManifest UP-TO-DATE
> Task :capacitor-cordova-android-plugins:extractDeepLinksDebug UP-TO-DATE
> Task :capacitor-cordova-android-plugins:processDebugManifest UP-TO-DATE
> Task :app:processDebugMainManifest UP-TO-DATE
> Task :app:processDebugManifest UP-TO-DATE
> Task :app:processDebugManifestForPackage UP-TO-DATE
> Task :capacitor-android:compileDebugLibraryResources UP-TO-DATE
> Task :capacitor-android:parseDebugLocalResources UP-TO-DATE
> Task :capacitor-android:generateDebugRFile UP-TO-DATE
> Task :capacitor-cordova-android-plugins:compileDebugLibraryResources UP-TO-DATE
> Task :capacitor-cordova-android-plugins:parseDebugLocalResources UP-TO-DATE
> Task :capacitor-cordova-android-plugins:generateDebugRFile UP-TO-DATE
> Task :app:processDebugResources UP-TO-DATE
> Task :capacitor-android:javaPreCompileDebug UP-TO-DATE
> Task :capacitor-android:compileDebugJavaWithJavac UP-TO-DATE
> Task :capacitor-android:bundleLibCompileToJarDebug UP-TO-DATE
> Task :capacitor-cordova-android-plugins:javaPreCompileDebug UP-TO-DATE
> Task :capacitor-cordova-android-plugins:compileDebugJavaWithJavac NO-SOURCE
> Task :capacitor-cordova-android-plugins:bundleLibCompileToJarDebug UP-TO-DATE
> Task :app:compileDebugJavaWithJavac UP-TO-DATE
> Task :app:mergeDebugShaders UP-TO-DATE
> Task :app:compileDebugShaders NO-SOURCE
> Task :app:generateDebugAssets UP-TO-DATE
> Task :capacitor-android:mergeDebugShaders UP-TO-DATE
> Task :capacitor-android:compileDebugShaders NO-SOURCE
> Task :capacitor-android:generateDebugAssets UP-TO-DATE
> Task :capacitor-android:packageDebugAssets UP-TO-DATE
> Task :capacitor-cordova-android-plugins:mergeDebugShaders UP-TO-DATE
> Task :capacitor-cordova-android-plugins:compileDebugShaders NO-SOURCE
> Task :capacitor-cordova-android-plugins:generateDebugAssets UP-TO-DATE
> Task :capacitor-cordova-android-plugins:packageDebugAssets UP-TO-DATE
> Task :app:mergeDebugAssets UP-TO-DATE
> Task :capacitor-android:bundleLibRuntimeToJarDebug UP-TO-DATE
> Task :capacitor-cordova-android-plugins:bundleLibRuntimeToJarDebug UP-TO-DATE
> Task :app:desugarDebugFileDependencies UP-TO-DATE
> Task :app:dexBuilderDebug UP-TO-DATE
> Task :app:mergeDebugGlobalSynthetics UP-TO-DATE
> Task :app:processDebugJavaRes NO-SOURCE
> Task :capacitor-android:processDebugJavaRes NO-SOURCE
> Task :capacitor-cordova-android-plugins:processDebugJavaRes NO-SOURCE
> Task :app:compressDebugAssets
> Task :app:mergeDebugJavaResource UP-TO-DATE
> Task :app:checkDebugDuplicateClasses UP-TO-DATE
> Task :app:mergeExtDexDebug UP-TO-DATE
> Task :capacitor-android:bundleLibRuntimeToDirDebug UP-TO-DATE
> Task :capacitor-cordova-android-plugins:bundleLibRuntimeToDirDebug UP-TO-DATE
> Task :app:mergeProjectDexDebug UP-TO-DATE
> Task :app:mergeLibDexDebug UP-TO-DATE
> Task :app:mergeDebugJniLibFolders UP-TO-DATE
> Task :capacitor-android:mergeDebugJniLibFolders UP-TO-DATE
> Task :capacitor-android:mergeDebugNativeLibs NO-SOURCE
> Task :capacitor-android:copyDebugJniLibsProjectOnly UP-TO-DATE
> Task :capacitor-cordova-android-plugins:mergeDebugJniLibFolders UP-TO-DATE
> Task :capacitor-cordova-android-plugins:mergeDebugNativeLibs NO-SOURCE
> Task :capacitor-cordova-android-plugins:copyDebugJniLibsProjectOnly UP-TO-DATE
> Task :app:mergeDebugNativeLibs NO-SOURCE
> Task :app:stripDebugDebugSymbols NO-SOURCE
> Task :app:validateSigningDebug
> Task :app:writeDebugAppMetadata UP-TO-DATE
> Task :app:writeDebugSigningConfigVersions
> Task :capacitor-android:stripDebugDebugSymbols NO-SOURCE
> Task :capacitor-android:copyDebugJniLibsProjectAndLocalJars
> Task :capacitor-android:extractDebugAnnotations
> Task :capacitor-android:extractDeepLinksForAarDebug
> Task :capacitor-android:mergeDebugGeneratedProguardFiles
> Task :capacitor-android:mergeDebugConsumerProguardFiles
> Task :capacitor-android:prepareDebugArtProfile
> Task :capacitor-android:prepareLintJarForPublish
> Task :capacitor-app:preBuild UP-TO-DATE
> Task :capacitor-app:preDebugBuild UP-TO-DATE
> Task :capacitor-android:mergeDebugJavaResource
> Task :capacitor-app:mergeDebugJniLibFolders
> Task :capacitor-android:syncDebugLibJars
> Task :capacitor-android:bundleDebugAar
> Task :capacitor-android:assembleDebug
> Task :capacitor-app:mergeDebugNativeLibs NO-SOURCE
> Task :capacitor-app:stripDebugDebugSymbols NO-SOURCE
> Task :capacitor-app:copyDebugJniLibsProjectAndLocalJars
> Task :capacitor-app:generateDebugResValues
> Task :capacitor-app:generateDebugResources
> Task :capacitor-app:packageDebugResources
> Task :capacitor-app:parseDebugLocalResources
> Task :capacitor-app:extractDeepLinksForAarDebug
> Task :capacitor-app:processDebugManifest
> Task :capacitor-app:javaPreCompileDebug
> Task :app:packageDebug
> Task :app:createDebugApkListingFileRedirect
> Task :app:assembleDebug
> Task :capacitor-app:mergeDebugShaders
> Task :capacitor-app:generateDebugRFile
> Task :capacitor-app:compileDebugShaders NO-SOURCE
> Task :capacitor-app:extractDebugAnnotations
> Task :capacitor-app:compileDebugJavaWithJavac
> Task :capacitor-app:mergeDebugGeneratedProguardFiles
> Task :capacitor-app:mergeDebugConsumerProguardFiles
> Task :capacitor-app:generateDebugAssets UP-TO-DATE
> Task :capacitor-app:packageDebugAssets
> Task :capacitor-app:prepareDebugArtProfile
> Task :capacitor-app:prepareLintJarForPublish
> Task :capacitor-app:processDebugJavaRes NO-SOURCE
> Task :capacitor-app:mergeDebugJavaResource
> Task :capacitor-app:writeDebugAarMetadata
> Task :capacitor-app:syncDebugLibJars
> Task :capacitor-app:bundleDebugAar
> Task :capacitor-app:assembleDebug
> Task :capacitor-browser:preBuild UP-TO-DATE
> Task :capacitor-browser:preDebugBuild UP-TO-DATE
> Task :capacitor-browser:mergeDebugJniLibFolders
> Task :capacitor-browser:mergeDebugNativeLibs NO-SOURCE
> Task :capacitor-browser:stripDebugDebugSymbols NO-SOURCE
> Task :capacitor-browser:copyDebugJniLibsProjectAndLocalJars
> Task :capacitor-browser:generateDebugResValues
> Task :capacitor-browser:generateDebugResources
> Task :capacitor-browser:packageDebugResources
> Task :capacitor-browser:parseDebugLocalResources
> Task :capacitor-browser:extractDeepLinksForAarDebug
> Task :capacitor-browser:javaPreCompileDebug
> Task :capacitor-browser:processDebugManifest
> Task :capacitor-browser:mergeDebugShaders
> Task :capacitor-browser:compileDebugShaders NO-SOURCE
> Task :capacitor-browser:generateDebugAssets UP-TO-DATE
> Task :capacitor-browser:packageDebugAssets
> Task :capacitor-browser:generateDebugRFile
> Task :capacitor-browser:extractDebugAnnotations
> Task :capacitor-browser:compileDebugJavaWithJavac
> Task :capacitor-browser:mergeDebugGeneratedProguardFiles
> Task :capacitor-browser:mergeDebugConsumerProguardFiles
> Task :capacitor-browser:prepareDebugArtProfile
> Task :capacitor-browser:prepareLintJarForPublish
> Task :capacitor-browser:processDebugJavaRes NO-SOURCE
> Task :capacitor-browser:mergeDebugJavaResource
> Task :capacitor-browser:writeDebugAarMetadata
> Task :capacitor-browser:syncDebugLibJars
> Task :capacitor-browser:bundleDebugAar
> Task :capacitor-browser:assembleDebug
> Task :capacitor-cordova-android-plugins:stripDebugDebugSymbols NO-SOURCE
> Task :capacitor-cordova-android-plugins:copyDebugJniLibsProjectAndLocalJars
> Task :capacitor-cordova-android-plugins:extractDebugAnnotations
> Task :capacitor-cordova-android-plugins:extractDeepLinksForAarDebug
> Task :capacitor-cordova-android-plugins:mergeDebugGeneratedProguardFiles
> Task :capacitor-cordova-android-plugins:mergeDebugConsumerProguardFiles
> Task :capacitor-cordova-android-plugins:prepareDebugArtProfile
> Task :capacitor-cordova-android-plugins:prepareLintJarForPublish
> Task :capacitor-filesystem:preBuild UP-TO-DATE
> Task :capacitor-cordova-android-plugins:mergeDebugJavaResource
> Task :capacitor-filesystem:preDebugBuild UP-TO-DATE
> Task :capacitor-cordova-android-plugins:syncDebugLibJars
> Task :capacitor-cordova-android-plugins:bundleDebugAar
> Task :capacitor-cordova-android-plugins:assembleDebug
> Task :capacitor-filesystem:mergeDebugJniLibFolders
> Task :capacitor-filesystem:mergeDebugNativeLibs NO-SOURCE
> Task :capacitor-filesystem:stripDebugDebugSymbols NO-SOURCE
> Task :capacitor-filesystem:copyDebugJniLibsProjectAndLocalJars
> Task :capacitor-filesystem:checkKotlinGradlePluginConfigurationErrors
> Task :capacitor-filesystem:generateDebugResValues
> Task :capacitor-filesystem:generateDebugResources
> Task :capacitor-filesystem:packageDebugResources
> Task :capacitor-filesystem:parseDebugLocalResources
> Task :capacitor-filesystem:extractDeepLinksForAarDebug
> Task :capacitor-filesystem:javaPreCompileDebug
> Task :capacitor-filesystem:processDebugManifest
> Task :capacitor-filesystem:mergeDebugShaders
> Task :capacitor-filesystem:compileDebugShaders NO-SOURCE
> Task :capacitor-filesystem:generateDebugAssets UP-TO-DATE
> Task :capacitor-filesystem:packageDebugAssets
> Task :capacitor-filesystem:generateDebugRFile
> Task :capacitor-filesystem:prepareDebugArtProfile
> Task :capacitor-filesystem:compileDebugKotlin FAILED

FAILURE: Build failed with an exception.

* What went wrong:
Execution failed for task ':capacitor-filesystem:compileDebugKotlin'.
> Inconsistent JVM-target compatibility detected for tasks 'compileDebugJavaWithJavac' (17) and 'compileDebugKotlin' (21).
  
  Consider using JVM Toolchain: https://kotl.in/gradle/jvm/toolchain
  Learn more about JVM-target validation: https://kotl.in/gradle/jvm/target-validation 

* Try:
> Run with --stacktrace option to get the stack trace.
> Run with --info or --debug option to get more log output.
> Run with --scan to get full insights.
> Get more help at https://help.gradle.org.

BUILD FAILED in 27s
140 actionable tasks: 81 executed, 59 up-to-date


Running after_script
Running after script...
$ run "clean-up"

Cleaning up project directory and file based variables

ERROR: Job failed: command terminated with exit code 1
